<?xml version="1.0" encoding="UTF-8"?>
<testsuites name="MMA Plus Merchandising" time="89" tests="1" failures="1" errors="0">
   <testsuite name="MMA Plus Merchandising" tests="1" failures="1" errors="0" time="89" timestamp="2018-07-17 12:15:59" hostname="itcity - DESKTOP-3AG49P4" id="Test Suites/MMA Plus Merchandising">
      <properties>
         <property name="deviceName" value="samsung SM-J110H (Android 4.4.4)"/>
         <property name="devicePlatform" value=""/>
         <property name="logFolder" value="F:\\Git Projects\\MMAPlus_Merchandising\\MMAPlus_Merchandising\\Reports\\MMA Plus Merchandising\\20180717_121556"/>
         <property name="logFiles" value="F:\\Git Projects\\MMAPlus_Merchandising\\MMAPlus_Merchandising\\Reports\\MMA Plus Merchandising\\20180717_121556\\appium.log, F:\\Git Projects\\MMAPlus_Merchandising\\MMAPlus_Merchandising\\Reports\\MMA Plus Merchandising\\20180717_121556\\execution0.log"/>
         <property name="attachments" value="F:\\Git Projects\\MMAPlus_Merchandising\\MMAPlus_Merchandising\\Reports\\MMA Plus Merchandising\\20180717_121556\\1531811847139.png, F:\\Git Projects\\MMAPlus_Merchandising\\MMAPlus_Merchandising\\Reports\\MMA Plus Merchandising\\20180717_121556\\1531811848335.png"/>
         <property name="hostName" value="itcity - DESKTOP-3AG49P4"/>
         <property name="os" value="Windows 10 64bit"/>
         <property name="katalonVersion" value="5.5.0.1"/>
         <property name="deviceOS" value="Android"/>
         <property name="appiumVersion" value="1.8.0"/>
         <property name="deviceModel" value="SM-J110H"/>
         <property name="hostAddress" value="192.168.3.191"/>
         <property name="deviceManufacturer" value="samsung"/>
         <property name="deviceId" value="11015a1136d0b24a"/>
         <property name="deviceName" value="samsung SM-J110H (Android 4.4.4)"/>
         <property name="deviceOSVersion" value="4.4.4"/>
      </properties>
      <testcase name="Test Cases/LaunchingApp/LaunchApp" classname="Test Cases/LaunchingApp/LaunchApp" status="PASSED">
         <system-out><![CDATA[2018-07-17 12:16:00 - [TEST_CASE][PASSED] - Test Cases/LaunchingApp/LaunchApp: Test Cases/LaunchingApp/LaunchApp

2018-07-17 12:16:01 - [TEST_STEP][PASSED] - startApplication: Started app at: 'F:\QA_Automation\Builds\MMAPlus_Sup_v147_0304_live.apk'

2018-07-17 12:16:20 - [MESSAGE][PASSED] - Started app at: 'F:\QA_Automation\Builds\MMAPlus_Sup_v147_0304_live.apk'

2018-07-17 12:16:20 - [TEST_STEP][PASSED] - delay: Delayed 5 second(s)

2018-07-17 12:16:25 - [MESSAGE][PASSED] - Delayed 5 second(s)]]></system-out>
         <system-err><![CDATA[]]></system-err>
      </testcase>
      <testcase name="Test Cases/Shop/VisitShop" classname="Test Cases/Shop/VisitShop" status="FAILED">
         <failure type="FAILED" message="Verify element text of test object 'Object Repository/ShopOpen/Chiller/Validate_ChillerScreen' FAILED. (Root cause: Element 'Object Repository/ShopOpen/Chiller/Validate_ChillerScreen' not found)"/>
         <system-out><![CDATA[2018-07-17 12:16:25 - [TEST_CASE][FAILED] - Test Cases/Shop/VisitShop: Test Cases/Shop/VisitShop FAILED because (of) Verify element text of test object 'Object Repository/ShopOpen/Chiller/Validate_ChillerScreen' FAILED. (Root cause: Element 'Object Repository/ShopOpen/Chiller/Validate_ChillerScreen' not found)

2018-07-17 12:16:26 - [TEST_STEP][PASSED] - verifyElementText: Actual text and expected text of test object 'Object Repository/DashboardScreenElements/Validate_DashboardScreen' are matched.

2018-07-17 12:16:26 - [MESSAGE][PASSED] - Actual text and expected text of test object 'Object Repository/DashboardScreenElements/Validate_DashboardScreen' are matched.

2018-07-17 12:16:26 - [TEST_STEP][PASSED] - com.ct.qa.keywords.CommonKeywords.selectday: com.ct.qa.keywords.CommonKeywords.selectday is PASSED

2018-07-17 12:16:29 - [MESSAGE][PASSED] - com.ct.qa.keywords.CommonKeywords.selectday is PASSED

2018-07-17 12:16:29 - [TEST_STEP][PASSED] - tap: Tapped on element 'Object Repository/DashboardScreenElements/StartYourDay'

2018-07-17 12:16:29 - [MESSAGE][WARNING] - Timeout '0' is invalid. Using default page load timeout: '15'

2018-07-17 12:16:29 - [MESSAGE][PASSED] - Tapped on element 'Object Repository/DashboardScreenElements/StartYourDay'

2018-07-17 12:16:29 - [TEST_STEP][PASSED] - verifyElementText: Actual text and expected text of test object 'Object Repository/Validate_ShopListScreen' are matched.

2018-07-17 12:16:31 - [MESSAGE][PASSED] - Actual text and expected text of test object 'Object Repository/Validate_ShopListScreen' are matched.

2018-07-17 12:16:31 - [TEST_STEP][FAILED] - com.ct.qa.keywords.VisitingScenariosKeywords.visitShop: Verify element text of test object 'Object Repository/ShopOpen/Chiller/Validate_ChillerScreen' FAILED. (Root cause: Element 'Object Repository/ShopOpen/Chiller/Validate_ChillerScreen' not found)

2018-07-17 12:16:35 - [MESSAGE][PASSED] - Actual text and expected text of test object 'Object Repository/Validate_ShopOptionsScreen' are matched.

2018-07-17 12:16:35 - [MESSAGE][WARNING] - Timeout '0' is invalid. Using default page load timeout: '15'

2018-07-17 12:16:35 - [MESSAGE][PASSED] - Tapped on element 'Object Repository/StartWorking'

2018-07-17 12:16:50 - [MESSAGE][PASSED] - Delayed 15 second(s)

2018-07-17 12:16:51 - [MESSAGE][PASSED] - Element 'Object Repository/CommonScreenElements/Validate_MapScreen' is exist

2018-07-17 12:16:51 - [MESSAGE][WARNING] - Timeout '0' is invalid. Using default page load timeout: '15'

2018-07-17 12:16:52 - [MESSAGE][PASSED] - Tapped on element 'Object Repository/CommonScreenElements/Location_CheckIn'

2018-07-17 12:16:52 - [MESSAGE][WARNING] - Timeout '0' is invalid. Using default page load timeout: '15'

2018-07-17 12:16:53 - [MESSAGE][PASSED] - Element 'Object Repository/CommonScreenElements/Validate_InfoPopUP' is exist

2018-07-17 12:16:53 - [MESSAGE][WARNING] - Timeout '0' is invalid. Using default page load timeout: '15'

2018-07-17 12:16:54 - [MESSAGE][PASSED] - Tapped on element 'Object Repository/CommonScreenElements/InfoPopUp_NoButton'

2018-07-17 12:16:54 - [TEST_CASE][PASSED] - Test Cases/ShopOpen/VisitShopOpen: Test Cases/ShopOpen/VisitShopOpen

2018-07-17 12:16:54 - [TEST_STEP][PASSED] - verifyElementExist: Element 'Object Repository/ShopActions_List' is exist

2018-07-17 12:16:54 - [MESSAGE][WARNING] - Timeout '0' is invalid. Using default page load timeout: '15'

2018-07-17 12:16:54 - [MESSAGE][PASSED] - Element 'Object Repository/ShopActions_List' is exist

2018-07-17 12:16:54 - [TEST_STEP][PASSED] - tap: Tapped on element 'Object Repository/ShopOpen/ShopOpen'

2018-07-17 12:16:54 - [MESSAGE][WARNING] - Timeout '0' is invalid. Using default page load timeout: '15'

2018-07-17 12:16:57 - [MESSAGE][PASSED] - Tapped on element 'Object Repository/ShopOpen/ShopOpen'

2018-07-17 12:16:57 - [TEST_STEP][PASSED] - verifyElementExist: Element 'Object Repository/CommonScreenElements/Validate_CameraScreen' is exist

2018-07-17 12:16:57 - [MESSAGE][WARNING] - Timeout '0' is invalid. Using default page load timeout: '15'

2018-07-17 12:16:57 - [MESSAGE][PASSED] - Element 'Object Repository/CommonScreenElements/Validate_CameraScreen' is exist

2018-07-17 12:16:57 - [TEST_STEP][PASSED] - tap: Tapped on element 'Object Repository/CommonScreenElements/TakePictureButton'

2018-07-17 12:16:57 - [MESSAGE][WARNING] - Timeout '0' is invalid. Using default page load timeout: '15'

2018-07-17 12:17:01 - [MESSAGE][PASSED] - Tapped on element 'Object Repository/CommonScreenElements/TakePictureButton'

2018-07-17 12:17:01 - [TEST_STEP][PASSED] - delay: Delayed 5 second(s)

2018-07-17 12:17:06 - [MESSAGE][PASSED] - Delayed 5 second(s)

2018-07-17 12:17:06 - [TEST_STEP][PASSED] - tap: Tapped on element 'Object Repository/CommonScreenElements/DoneButton'

2018-07-17 12:17:06 - [MESSAGE][WARNING] - Timeout '0' is invalid. Using default page load timeout: '15'

2018-07-17 12:17:06 - [MESSAGE][PASSED] - Tapped on element 'Object Repository/CommonScreenElements/DoneButton'

2018-07-17 12:17:06 - [MESSAGE][PASSED] - Call Test Case 'Test Cases/ShopOpen/VisitShopOpen' successfully

2018-07-17 12:17:07 - [TEST_CASE][FAILED] - Test Cases/ShopOpen/VisitShopCategories: Test Cases/ShopOpen/VisitShopCategories FAILED because (of) Verify element text of test object 'Object Repository/ShopOpen/Chiller/Validate_ChillerScreen' FAILED. (Root cause: Element 'Object Repository/ShopOpen/Chiller/Validate_ChillerScreen' not found)

2018-07-17 12:17:07 - [TEST_STEP][PASSED] - verifyElementExist: Element 'Object Repository/ShopOpen/Validate_ShopCategoriesListScreen' is exist

2018-07-17 12:17:07 - [MESSAGE][WARNING] - Timeout '0' is invalid. Using default page load timeout: '15'

2018-07-17 12:17:09 - [MESSAGE][PASSED] - Element 'Object Repository/ShopOpen/Validate_ShopCategoriesListScreen' is exist

2018-07-17 12:17:09 - [TEST_STEP][FAILED] - com.ct.qa.keywords.VisitingScenariosKeywords.visitShopCategories: Verify element text of test object 'Object Repository/ShopOpen/Chiller/Validate_ChillerScreen' FAILED. (Root cause: Element 'Object Repository/ShopOpen/Chiller/Validate_ChillerScreen' not found)

2018-07-17 12:17:11 - [TEST_CASE][FAILED] - Test Cases/ShopOpen/Chiller/VisitChillerWithChillerNotAllocated: Test Cases/ShopOpen/Chiller/VisitChillerWithChillerNotAllocated FAILED because (of) Verify element text of test object 'Object Repository/ShopOpen/Chiller/Validate_ChillerScreen' FAILED. (Root cause: Element 'Object Repository/ShopOpen/Chiller/Validate_ChillerScreen' not found)

2018-07-17 12:17:12 - [TEST_STEP][FAILED] - verifyElementText: Verify element text of test object 'Object Repository/ShopOpen/Chiller/Validate_ChillerScreen' FAILED. (Root cause: Element 'Object Repository/ShopOpen/Chiller/Validate_ChillerScreen' not found)

2018-07-17 12:17:28 - [MESSAGE][FAILED] - Element 'Object Repository/ShopOpen/Chiller/Validate_ChillerScreen' not found
[[ATTACHMENT|F:\\Git Projects\\MMAPlus_Merchandising\\MMAPlus_Merchandising\\Reports\\MMA Plus Merchandising\\20180717_121556\\1531811847139.png]]

2018-07-17 12:17:29 - [MESSAGE][FAILED] - Verify element text of test object 'Object Repository/ShopOpen/Chiller/Validate_ChillerScreen' FAILED. (Root cause: Element 'Object Repository/ShopOpen/Chiller/Validate_ChillerScreen' not found)
[[ATTACHMENT|F:\\Git Projects\\MMAPlus_Merchandising\\MMAPlus_Merchandising\\Reports\\MMA Plus Merchandising\\20180717_121556\\1531811848335.png]]

2018-07-17 12:17:29 - [MESSAGE][FAILED] - Unable to call Test Case with id 'Test Cases/ShopOpen/Chiller/VisitChillerWithChillerNotAllocated' (Root cause: Call Test Case 'Test Cases/ShopOpen/Chiller/VisitChillerWithChillerNotAllocated' failed)

2018-07-17 12:17:29 - [MESSAGE][FAILED] - Verify element text of test object 'Object Repository/ShopOpen/Chiller/Validate_ChillerScreen' FAILED. (Root cause: Element 'Object Repository/ShopOpen/Chiller/Validate_ChillerScreen' not found)

2018-07-17 12:17:29 - [MESSAGE][FAILED] - Unable to call Test Case with id 'Test Cases/ShopOpen/VisitShopCategories' (Root cause: Call Test Case 'Test Cases/ShopOpen/VisitShopCategories' failed)

2018-07-17 12:17:29 - [MESSAGE][FAILED] - Verify element text of test object 'Object Repository/ShopOpen/Chiller/Validate_ChillerScreen' FAILED. (Root cause: Element 'Object Repository/ShopOpen/Chiller/Validate_ChillerScreen' not found)]]></system-out>
         <system-err><![CDATA[2018-07-17 12:16:25 - [TEST_CASE][FAILED] - Test Cases/Shop/VisitShop: Test Cases/Shop/VisitShop FAILED because (of) Verify element text of test object 'Object Repository/ShopOpen/Chiller/Validate_ChillerScreen' FAILED. (Root cause: Element 'Object Repository/ShopOpen/Chiller/Validate_ChillerScreen' not found)]]></system-err>
      </testcase>
      <system-out><![CDATA[2018-07-17 12:15:59 - [TEST_SUITE][FAILED] - MMA Plus Merchandising: Test Cases/Shop/VisitShop FAILED because (of) Verify element text of test object 'Object Repository/ShopOpen/Chiller/Validate_ChillerScreen' FAILED. (Root cause: Element 'Object Repository/ShopOpen/Chiller/Validate_ChillerScreen' not found)]]></system-out>
      <system-err><![CDATA[2018-07-17 12:15:59 - [TEST_SUITE][FAILED] - MMA Plus Merchandising: Test Cases/Shop/VisitShop FAILED because (of) Verify element text of test object 'Object Repository/ShopOpen/Chiller/Validate_ChillerScreen' FAILED. (Root cause: Element 'Object Repository/ShopOpen/Chiller/Validate_ChillerScreen' not found)]]></system-err>
   </testsuite>
</testsuites>
