<?xml version="1.0" encoding="UTF-8"?>
<testsuites name="MMA Plus Merchandising" time="173" tests="2" failures="0" errors="1">
   <testsuite name="MMA Plus Merchandising" tests="2" failures="0" errors="1" time="173" timestamp="2018-07-24 17:48:57" hostname="Fahad Shah - DESKTOP-L12UUAD" id="Test Suites/MMA Plus Merchandising">
      <properties>
         <property name="deviceName" value="samsung SM-J110H (Android 4.4.4)"/>
         <property name="devicePlatform" value=""/>
         <property name="logFolder" value="F:\\Git Projects\\MMAPlus_Merchandising\\MMAPlus_Merchandising\\Reports\\MMA Plus Merchandising\\20180724_174854"/>
         <property name="logFiles" value="F:\\Git Projects\\MMAPlus_Merchandising\\MMAPlus_Merchandising\\Reports\\MMA Plus Merchandising\\20180724_174854\\appium.log, F:\\Git Projects\\MMAPlus_Merchandising\\MMAPlus_Merchandising\\Reports\\MMA Plus Merchandising\\20180724_174854\\execution0.log"/>
         <property name="attachments" value=""/>
         <property name="hostName" value="Fahad Shah - DESKTOP-L12UUAD"/>
         <property name="os" value="Windows 10 64bit"/>
         <property name="katalonVersion" value="5.5.0.1"/>
         <property name="deviceOS" value="Android"/>
         <property name="appiumVersion" value="1.8.1"/>
         <property name="deviceModel" value="SM-J110H"/>
         <property name="hostAddress" value="192.168.3.191"/>
         <property name="deviceManufacturer" value="samsung"/>
         <property name="deviceId" value="11015a1136d0b24a"/>
         <property name="deviceName" value="samsung SM-J110H (Android 4.4.4)"/>
         <property name="deviceOSVersion" value="4.4.4"/>
      </properties>
      <testcase name="Test Cases/LaunchingApp/LaunchApp" classname="Test Cases/LaunchingApp/LaunchApp" status="PASSED">
         <system-out><![CDATA[2018-07-24 17:48:57 - [TEST_CASE][PASSED] - Test Cases/LaunchingApp/LaunchApp: Test Cases/LaunchingApp/LaunchApp

2018-07-24 17:48:58 - [TEST_STEP][PASSED] - startApplication: Started app at: 'F:\QA_Automation\Builds\MMAPlus_Sup_v147_0304_live.apk'

2018-07-24 17:49:14 - [MESSAGE][PASSED] - Started app at: 'F:\QA_Automation\Builds\MMAPlus_Sup_v147_0304_live.apk'

2018-07-24 17:49:14 - [TEST_STEP][PASSED] - delay: Delayed 5 second(s)

2018-07-24 17:49:19 - [MESSAGE][PASSED] - Delayed 5 second(s)]]></system-out>
         <system-err><![CDATA[]]></system-err>
      </testcase>
      <testcase name="Test Cases/DistributionPoint/VisitDistributionPoint" classname="Test Cases/DistributionPoint/VisitDistributionPoint" status="PASSED">
         <system-out><![CDATA[2018-07-24 17:49:19 - [TEST_CASE][PASSED] - Test Cases/DistributionPoint/VisitDistributionPoint: Test Cases/DistributionPoint/VisitDistributionPoint

2018-07-24 17:49:19 - [TEST_STEP][PASSED] - verifyElementText: Actual text and expected text of test object 'Object Repository/DashboardScreenElements/Validate_DashboardScreen' are matched.

2018-07-24 17:49:20 - [MESSAGE][PASSED] - Actual text and expected text of test object 'Object Repository/DashboardScreenElements/Validate_DashboardScreen' are matched.

2018-07-24 17:49:20 - [TEST_STEP][PASSED] - com.ct.qa.keywords.CommonKeywords.selectday: com.ct.qa.keywords.CommonKeywords.selectday is PASSED

2018-07-24 17:49:22 - [MESSAGE][WARNING] - Timeout '0' is invalid. Using default page load timeout: '15'

2018-07-24 17:49:23 - [MESSAGE][PASSED] - Tapped on element 'Object Repository/DashboardScreenElements/DaysDropdownMenu'

2018-07-24 17:49:24 - [MESSAGE][PASSED] - com.ct.qa.keywords.CommonKeywords.selectday is PASSED

2018-07-24 17:49:24 - [TEST_STEP][PASSED] - tap: Tapped on element 'Object Repository/DashboardScreenElements/StartYourDay'

2018-07-24 17:49:24 - [MESSAGE][WARNING] - Timeout '0' is invalid. Using default page load timeout: '15'

2018-07-24 17:49:25 - [MESSAGE][PASSED] - Tapped on element 'Object Repository/DashboardScreenElements/StartYourDay'

2018-07-24 17:49:25 - [TEST_STEP][PASSED] - delay: Delayed 15 second(s)

2018-07-24 17:49:40 - [MESSAGE][PASSED] - Delayed 15 second(s)

2018-07-24 17:49:40 - [TEST_STEP][PASSED] - verifyElementExist: Element 'Object Repository/CommonScreenElements/Validate_MapScreen' is exist

2018-07-24 17:49:40 - [MESSAGE][WARNING] - Timeout '0' is invalid. Using default page load timeout: '15'

2018-07-24 17:49:42 - [MESSAGE][PASSED] - Element 'Object Repository/CommonScreenElements/Validate_MapScreen' is exist

2018-07-24 17:49:42 - [TEST_STEP][PASSED] - tap: Tapped on element 'Object Repository/CommonScreenElements/Location_CheckIn'

2018-07-24 17:49:42 - [MESSAGE][WARNING] - Timeout '0' is invalid. Using default page load timeout: '15'

2018-07-24 17:49:42 - [MESSAGE][PASSED] - Tapped on element 'Object Repository/CommonScreenElements/Location_CheckIn'

2018-07-24 17:49:42 - [TEST_STEP][PASSED] - verifyElementExist: Element 'Object Repository/CommonScreenElements/Validate_InfoPopUP' is exist

2018-07-24 17:49:42 - [MESSAGE][WARNING] - Timeout '0' is invalid. Using default page load timeout: '15'

2018-07-24 17:49:44 - [MESSAGE][PASSED] - Element 'Object Repository/CommonScreenElements/Validate_InfoPopUP' is exist

2018-07-24 17:49:44 - [TEST_STEP][PASSED] - tap: Tapped on element 'Object Repository/CommonScreenElements/InfoPopUp_NoButton'

2018-07-24 17:49:44 - [MESSAGE][WARNING] - Timeout '0' is invalid. Using default page load timeout: '15'

2018-07-24 17:49:45 - [MESSAGE][PASSED] - Tapped on element 'Object Repository/CommonScreenElements/InfoPopUp_NoButton'

2018-07-24 17:49:45 - [TEST_STEP][PASSED] - verifyElementText: Actual text and expected text of test object 'Object Repository/DistributionPoint/Validate_RouteInfoScreen' are matched.

2018-07-24 17:49:46 - [MESSAGE][PASSED] - Actual text and expected text of test object 'Object Repository/DistributionPoint/Validate_RouteInfoScreen' are matched.

2018-07-24 17:49:46 - [TEST_STEP][PASSED] - tap: Tapped on element 'Object Repository/DistributionPoint/RouteInfoNextButton'

2018-07-24 17:49:46 - [MESSAGE][WARNING] - Timeout '0' is invalid. Using default page load timeout: '15'

2018-07-24 17:49:46 - [MESSAGE][PASSED] - Tapped on element 'Object Repository/DistributionPoint/RouteInfoNextButton'

2018-07-24 17:49:46 - [TEST_STEP][PASSED] - verifyElementText: Actual text and expected text of test object 'Object Repository/DistributionPoint/Validate_DistributionPointScreen' are matched.

2018-07-24 17:49:48 - [MESSAGE][PASSED] - Actual text and expected text of test object 'Object Repository/DistributionPoint/Validate_DistributionPointScreen' are matched.

2018-07-24 17:49:48 - [TEST_STEP][PASSED] - com.ct.qa.keywords.DistributionPointKeywords.visitdistributionPoint: com.ct.qa.keywords.DistributionPointKeywords.visitdistributionPoint is PASSED

2018-07-24 17:49:52 - [MESSAGE][PASSED] - Keyboard is hidden

2018-07-24 17:49:55 - [MESSAGE][PASSED] - Keyboard is hidden

2018-07-24 17:49:58 - [MESSAGE][PASSED] - Keyboard is hidden

2018-07-24 17:50:01 - [MESSAGE][PASSED] - Keyboard is hidden

2018-07-24 17:50:01 - [MESSAGE][PASSED] - com.ct.qa.keywords.DistributionPointKeywords.visitdistributionPoint is PASSED

2018-07-24 17:50:01 - [TEST_STEP][PASSED] - tap: Tapped on element 'Object Repository/DistributionPoint/DistributionPoint_SubmitButton'

2018-07-24 17:50:01 - [MESSAGE][WARNING] - Timeout '0' is invalid. Using default page load timeout: '15'

2018-07-24 17:50:02 - [MESSAGE][PASSED] - Tapped on element 'Object Repository/DistributionPoint/DistributionPoint_SubmitButton']]></system-out>
         <system-err><![CDATA[]]></system-err>
      </testcase>
      <testcase name="Test Cases/Shop/VisitShop" classname="Test Cases/Shop/VisitShop" status="ERROR">
         <error type="ERROR" message="Test Cases/Shop/VisitShop FAILED because (of) Main Category: Chiller
Product Category: Juices - 200ML
displayed products are less than to expected products..."/>
         <system-out><![CDATA[2018-07-24 17:50:02 - [TEST_CASE][ERROR] - Test Cases/Shop/VisitShop: Test Cases/Shop/VisitShop FAILED because (of) Main Category: Chiller
Product Category: Juices - 200ML
displayed products are less than to expected products...

2018-07-24 17:50:03 - [TEST_STEP][PASSED] - verifyElementText: Actual text and expected text of test object 'Object Repository/DashboardScreenElements/Validate_DashboardScreen' are matched.

2018-07-24 17:50:04 - [MESSAGE][PASSED] - Actual text and expected text of test object 'Object Repository/DashboardScreenElements/Validate_DashboardScreen' are matched.

2018-07-24 17:50:04 - [TEST_STEP][PASSED] - com.ct.qa.keywords.CommonKeywords.selectday: com.ct.qa.keywords.CommonKeywords.selectday is PASSED

2018-07-24 17:50:04 - [MESSAGE][PASSED] - com.ct.qa.keywords.CommonKeywords.selectday is PASSED

2018-07-24 17:50:04 - [TEST_STEP][PASSED] - tap: Tapped on element 'Object Repository/DashboardScreenElements/StartYourDay'

2018-07-24 17:50:04 - [MESSAGE][WARNING] - Timeout '0' is invalid. Using default page load timeout: '15'

2018-07-24 17:50:05 - [MESSAGE][PASSED] - Tapped on element 'Object Repository/DashboardScreenElements/StartYourDay'

2018-07-24 17:50:05 - [TEST_STEP][PASSED] - verifyElementText: Actual text and expected text of test object 'Object Repository/Validate_ShopListScreen' are matched.

2018-07-24 17:50:07 - [MESSAGE][PASSED] - Actual text and expected text of test object 'Object Repository/Validate_ShopListScreen' are matched.

2018-07-24 17:50:07 - [TEST_STEP][ERROR] - com.ct.qa.keywords.VisitingScenariosKeywords.visitShop: Main Category: Chiller
Product Category: Juices - 200ML
displayed products are less than to expected products...

2018-07-24 17:50:10 - [MESSAGE][PASSED] - Actual text and expected text of test object 'Object Repository/Validate_ShopOptionsScreen' are matched.

2018-07-24 17:50:10 - [MESSAGE][WARNING] - Timeout '0' is invalid. Using default page load timeout: '15'

2018-07-24 17:50:10 - [MESSAGE][PASSED] - Tapped on element 'Object Repository/StartWorking'

2018-07-24 17:50:25 - [MESSAGE][PASSED] - Delayed 15 second(s)

2018-07-24 17:50:26 - [MESSAGE][PASSED] - Element 'Object Repository/CommonScreenElements/Validate_MapScreen' is exist

2018-07-24 17:50:26 - [MESSAGE][WARNING] - Timeout '0' is invalid. Using default page load timeout: '15'

2018-07-24 17:50:27 - [MESSAGE][PASSED] - Tapped on element 'Object Repository/CommonScreenElements/Location_CheckIn'

2018-07-24 17:50:27 - [MESSAGE][WARNING] - Timeout '0' is invalid. Using default page load timeout: '15'

2018-07-24 17:50:28 - [MESSAGE][PASSED] - Element 'Object Repository/CommonScreenElements/Validate_InfoPopUP' is exist

2018-07-24 17:50:28 - [MESSAGE][WARNING] - Timeout '0' is invalid. Using default page load timeout: '15'

2018-07-24 17:50:29 - [MESSAGE][PASSED] - Tapped on element 'Object Repository/CommonScreenElements/InfoPopUp_NoButton'

2018-07-24 17:50:29 - [TEST_CASE][PASSED] - Test Cases/ShopOpen/VisitShopOpen: Test Cases/ShopOpen/VisitShopOpen

2018-07-24 17:50:29 - [TEST_STEP][PASSED] - verifyElementExist: Element 'Object Repository/ShopActions_List' is exist

2018-07-24 17:50:29 - [MESSAGE][WARNING] - Timeout '0' is invalid. Using default page load timeout: '15'

2018-07-24 17:50:29 - [MESSAGE][PASSED] - Element 'Object Repository/ShopActions_List' is exist

2018-07-24 17:50:29 - [TEST_STEP][PASSED] - tap: Tapped on element 'Object Repository/ShopOpen/ShopOpen'

2018-07-24 17:50:29 - [MESSAGE][WARNING] - Timeout '0' is invalid. Using default page load timeout: '15'

2018-07-24 17:50:32 - [MESSAGE][PASSED] - Tapped on element 'Object Repository/ShopOpen/ShopOpen'

2018-07-24 17:50:32 - [TEST_STEP][PASSED] - verifyElementExist: Element 'Object Repository/CommonScreenElements/Validate_CameraScreen' is exist

2018-07-24 17:50:32 - [MESSAGE][WARNING] - Timeout '0' is invalid. Using default page load timeout: '15'

2018-07-24 17:50:33 - [MESSAGE][PASSED] - Element 'Object Repository/CommonScreenElements/Validate_CameraScreen' is exist

2018-07-24 17:50:33 - [TEST_STEP][PASSED] - tap: Tapped on element 'Object Repository/CommonScreenElements/TakePictureButton'

2018-07-24 17:50:33 - [MESSAGE][WARNING] - Timeout '0' is invalid. Using default page load timeout: '15'

2018-07-24 17:50:36 - [MESSAGE][PASSED] - Tapped on element 'Object Repository/CommonScreenElements/TakePictureButton'

2018-07-24 17:50:36 - [TEST_STEP][PASSED] - delay: Delayed 5 second(s)

2018-07-24 17:50:41 - [MESSAGE][PASSED] - Delayed 5 second(s)

2018-07-24 17:50:41 - [TEST_STEP][PASSED] - tap: Tapped on element 'Object Repository/CommonScreenElements/DoneButton'

2018-07-24 17:50:41 - [MESSAGE][WARNING] - Timeout '0' is invalid. Using default page load timeout: '15'

2018-07-24 17:50:42 - [MESSAGE][PASSED] - Tapped on element 'Object Repository/CommonScreenElements/DoneButton'

2018-07-24 17:50:42 - [MESSAGE][PASSED] - Call Test Case 'Test Cases/ShopOpen/VisitShopOpen' successfully

2018-07-24 17:50:42 - [TEST_CASE][ERROR] - Test Cases/ShopOpen/VisitShopCategories: Test Cases/ShopOpen/VisitShopCategories FAILED because (of) Main Category: Chiller
Product Category: Juices - 200ML
displayed products are less than to expected products...

2018-07-24 17:50:43 - [TEST_STEP][PASSED] - verifyElementExist: Element 'Object Repository/ShopOpen/Validate_ShopCategoriesListScreen' is exist

2018-07-24 17:50:43 - [MESSAGE][WARNING] - Timeout '0' is invalid. Using default page load timeout: '15'

2018-07-24 17:50:44 - [MESSAGE][PASSED] - Element 'Object Repository/ShopOpen/Validate_ShopCategoriesListScreen' is exist

2018-07-24 17:50:44 - [TEST_STEP][ERROR] - com.ct.qa.keywords.VisitingScenariosKeywords.visitShopCategories: Main Category: Chiller
Product Category: Juices - 200ML
displayed products are less than to expected products...

2018-07-24 17:50:45 - [TEST_CASE][ERROR] - Test Cases/ShopOpen/Chiller/VisitChillerWithChillerNotAllocated: Test Cases/ShopOpen/Chiller/VisitChillerWithChillerNotAllocated FAILED because (of) Main Category: Chiller
Product Category: Juices - 200ML
displayed products are less than to expected products...

2018-07-24 17:50:46 - [TEST_STEP][PASSED] - verifyElementText: Actual text and expected text of test object 'Object Repository/ShopOpen/Chiller/Validate_ChillerScreen' are matched.

2018-07-24 17:50:47 - [MESSAGE][PASSED] - Actual text and expected text of test object 'Object Repository/ShopOpen/Chiller/Validate_ChillerScreen' are matched.

2018-07-24 17:50:47 - [TEST_STEP][PASSED] - tap: Tapped on element 'Object Repository/ShopOpen/Chiller/ChillerNotAllocated'

2018-07-24 17:50:47 - [MESSAGE][WARNING] - Timeout '0' is invalid. Using default page load timeout: '15'

2018-07-24 17:50:47 - [MESSAGE][PASSED] - Tapped on element 'Object Repository/ShopOpen/Chiller/ChillerNotAllocated'

2018-07-24 17:50:47 - [TEST_STEP][PASSED] - verifyElementText: Actual text and expected text of test object 'Object Repository/ShopOpen/Chiller/Validate_ChillerNotAllocatedProductCategoryScreen' are matched.

2018-07-24 17:50:50 - [MESSAGE][PASSED] - Actual text and expected text of test object 'Object Repository/ShopOpen/Chiller/Validate_ChillerNotAllocatedProductCategoryScreen' are matched.

2018-07-24 17:50:50 - [TEST_STEP][ERROR] - com.ct.qa.keywords.ChannelKeywords.visitChillerNotAllocatedProductCategories: Main Category: Chiller
Product Category: Juices - 200ML
displayed products are less than to expected products...

2018-07-24 17:50:54 - [TEST_CASE][PASSED] - Test Cases/ShopOpen/Chiller/VisitProductCategoryAssets: Test Cases/ShopOpen/Chiller/VisitProductCategoryAssets

2018-07-24 17:50:55 - [TEST_STEP][PASSED] - verifyElementText: Actual text and expected text of test object 'Object Repository/ShopOpen/Chiller/Validate_ProductCategoryAssetsScreen' are matched.

2018-07-24 17:50:56 - [MESSAGE][PASSED] - Actual text and expected text of test object 'Object Repository/ShopOpen/Chiller/Validate_ProductCategoryAssetsScreen' are matched.

2018-07-24 17:50:56 - [TEST_STEP][PASSED] - tap: Tapped on element 'Object Repository/ShopOpen/Chiller/Facing'

2018-07-24 17:50:56 - [MESSAGE][WARNING] - Timeout '0' is invalid. Using default page load timeout: '15'

2018-07-24 17:50:56 - [MESSAGE][PASSED] - Tapped on element 'Object Repository/ShopOpen/Chiller/Facing'

2018-07-24 17:50:56 - [TEST_STEP][PASSED] - verifyElementText: Actual text and expected text of test object 'Object Repository/ShopOpen/Chiller/Validate_FacingScreen' are matched.

2018-07-24 17:50:58 - [MESSAGE][PASSED] - Actual text and expected text of test object 'Object Repository/ShopOpen/Chiller/Validate_FacingScreen' are matched.

2018-07-24 17:50:58 - [TEST_STEP][PASSED] - com.ct.qa.keywords.ChannelKeywords.visitChannelWiseProductsData: com.ct.qa.keywords.ChannelKeywords.visitChannelWiseProductsData is PASSED

2018-07-24 17:51:02 - [MESSAGE][PASSED] - Keyboard is hidden

2018-07-24 17:51:05 - [MESSAGE][PASSED] - Keyboard is hidden

2018-07-24 17:51:08 - [MESSAGE][PASSED] - Keyboard is hidden

2018-07-24 17:51:11 - [MESSAGE][PASSED] - Keyboard is hidden

2018-07-24 17:51:14 - [MESSAGE][PASSED] - Keyboard is hidden

2018-07-24 17:51:16 - [MESSAGE][PASSED] - com.ct.qa.keywords.ChannelKeywords.visitChannelWiseProductsData is PASSED

2018-07-24 17:51:16 - [TEST_STEP][PASSED] - tap: Tapped on element 'Object Repository/ShopOpen/Chiller/SubmitButton'

2018-07-24 17:51:16 - [MESSAGE][WARNING] - Timeout '0' is invalid. Using default page load timeout: '15'

2018-07-24 17:51:17 - [MESSAGE][PASSED] - Tapped on element 'Object Repository/ShopOpen/Chiller/SubmitButton'

2018-07-24 17:51:17 - [TEST_STEP][PASSED] - verifyElementText: Actual text and expected text of test object 'Object Repository/ShopOpen/Chiller/Validate_ProductCategoryAssetsScreen' are matched.

2018-07-24 17:51:18 - [MESSAGE][PASSED] - Actual text and expected text of test object 'Object Repository/ShopOpen/Chiller/Validate_ProductCategoryAssetsScreen' are matched.

2018-07-24 17:51:18 - [TEST_STEP][PASSED] - tap: Tapped on element 'Object Repository/ShopOpen/Chiller/StockTaking'

2018-07-24 17:51:18 - [MESSAGE][WARNING] - Timeout '0' is invalid. Using default page load timeout: '15'

2018-07-24 17:51:18 - [MESSAGE][PASSED] - Tapped on element 'Object Repository/ShopOpen/Chiller/StockTaking'

2018-07-24 17:51:18 - [TEST_STEP][PASSED] - verifyElementText: Actual text and expected text of test object 'Object Repository/ShopOpen/Chiller/Validate_StockTakingScreen' are matched.

2018-07-24 17:51:20 - [MESSAGE][PASSED] - Actual text and expected text of test object 'Object Repository/ShopOpen/Chiller/Validate_StockTakingScreen' are matched.

2018-07-24 17:51:20 - [TEST_STEP][PASSED] - com.ct.qa.keywords.ChannelKeywords.visitChannelWiseProductsData: com.ct.qa.keywords.ChannelKeywords.visitChannelWiseProductsData is PASSED

2018-07-24 17:51:24 - [MESSAGE][PASSED] - Keyboard is hidden

2018-07-24 17:51:27 - [MESSAGE][PASSED] - Keyboard is hidden

2018-07-24 17:51:30 - [MESSAGE][PASSED] - Keyboard is hidden

2018-07-24 17:51:33 - [MESSAGE][PASSED] - Keyboard is hidden

2018-07-24 17:51:36 - [MESSAGE][PASSED] - Keyboard is hidden

2018-07-24 17:51:38 - [MESSAGE][PASSED] - com.ct.qa.keywords.ChannelKeywords.visitChannelWiseProductsData is PASSED

2018-07-24 17:51:38 - [TEST_STEP][PASSED] - tap: Tapped on element 'Object Repository/ShopOpen/Chiller/SubmitButton'

2018-07-24 17:51:38 - [MESSAGE][WARNING] - Timeout '0' is invalid. Using default page load timeout: '15'

2018-07-24 17:51:38 - [MESSAGE][PASSED] - Tapped on element 'Object Repository/ShopOpen/Chiller/SubmitButton'

2018-07-24 17:51:38 - [TEST_STEP][PASSED] - verifyElementText: Actual text and expected text of test object 'Object Repository/ShopOpen/Chiller/Validate_ProductCategoryAssetsScreen' are matched.

2018-07-24 17:51:39 - [MESSAGE][PASSED] - Actual text and expected text of test object 'Object Repository/ShopOpen/Chiller/Validate_ProductCategoryAssetsScreen' are matched.

2018-07-24 17:51:39 - [TEST_STEP][PASSED] - tap: Tapped on element 'Object Repository/ShopOpen/Chiller/ChillerNotAllocatedProductCategory_BackButton'

2018-07-24 17:51:39 - [MESSAGE][WARNING] - Timeout '0' is invalid. Using default page load timeout: '15'

2018-07-24 17:51:39 - [MESSAGE][PASSED] - Tapped on element 'Object Repository/ShopOpen/Chiller/ChillerNotAllocatedProductCategory_BackButton'

2018-07-24 17:51:39 - [MESSAGE][PASSED] - Call Test Case 'Test Cases/ShopOpen/Chiller/VisitProductCategoryAssets' successfully

2018-07-24 17:51:41 - [TEST_CASE][ERROR] - Test Cases/ShopOpen/Chiller/VisitProductCategoryAssets: Test Cases/ShopOpen/Chiller/VisitProductCategoryAssets FAILED because (of) Main Category: Chiller
Product Category: Juices - 200ML
displayed products are less than to expected products...

2018-07-24 17:51:41 - [TEST_STEP][PASSED] - verifyElementText: Actual text and expected text of test object 'Object Repository/ShopOpen/Chiller/Validate_ProductCategoryAssetsScreen' are matched.

2018-07-24 17:51:43 - [MESSAGE][PASSED] - Actual text and expected text of test object 'Object Repository/ShopOpen/Chiller/Validate_ProductCategoryAssetsScreen' are matched.

2018-07-24 17:51:43 - [TEST_STEP][PASSED] - tap: Tapped on element 'Object Repository/ShopOpen/Chiller/Facing'

2018-07-24 17:51:43 - [MESSAGE][WARNING] - Timeout '0' is invalid. Using default page load timeout: '15'

2018-07-24 17:51:43 - [MESSAGE][PASSED] - Tapped on element 'Object Repository/ShopOpen/Chiller/Facing'

2018-07-24 17:51:43 - [TEST_STEP][PASSED] - verifyElementText: Actual text and expected text of test object 'Object Repository/ShopOpen/Chiller/Validate_FacingScreen' are matched.

2018-07-24 17:51:45 - [MESSAGE][PASSED] - Actual text and expected text of test object 'Object Repository/ShopOpen/Chiller/Validate_FacingScreen' are matched.

2018-07-24 17:51:45 - [TEST_STEP][ERROR] - com.ct.qa.keywords.ChannelKeywords.visitChannelWiseProductsData: Main Category: Chiller
Product Category: Juices - 200ML
displayed products are less than to expected products...

2018-07-24 17:51:50 - [MESSAGE][ERROR] - Main Category: Chiller
Product Category: Juices - 200ML
displayed products are less than to expected products...

2018-07-24 17:51:50 - [MESSAGE][FAILED] - Unable to call Test Case with id 'Test Cases/ShopOpen/Chiller/VisitProductCategoryAssets' (Root cause: Call Test Case 'Test Cases/ShopOpen/Chiller/VisitProductCategoryAssets' failed because of error(s))

2018-07-24 17:51:50 - [MESSAGE][ERROR] - Main Category: Chiller
Product Category: Juices - 200ML
displayed products are less than to expected products...

2018-07-24 17:51:50 - [MESSAGE][FAILED] - Unable to call Test Case with id 'Test Cases/ShopOpen/Chiller/VisitChillerWithChillerNotAllocated' (Root cause: Call Test Case 'Test Cases/ShopOpen/Chiller/VisitChillerWithChillerNotAllocated' failed because of error(s))

2018-07-24 17:51:50 - [MESSAGE][ERROR] - Main Category: Chiller
Product Category: Juices - 200ML
displayed products are less than to expected products...

2018-07-24 17:51:50 - [MESSAGE][FAILED] - Unable to call Test Case with id 'Test Cases/ShopOpen/VisitShopCategories' (Root cause: Call Test Case 'Test Cases/ShopOpen/VisitShopCategories' failed because of error(s))

2018-07-24 17:51:50 - [MESSAGE][ERROR] - Main Category: Chiller
Product Category: Juices - 200ML
displayed products are less than to expected products...]]></system-out>
         <system-err><![CDATA[2018-07-24 17:50:02 - [TEST_CASE][ERROR] - Test Cases/Shop/VisitShop: Test Cases/Shop/VisitShop FAILED because (of) Main Category: Chiller
Product Category: Juices - 200ML
displayed products are less than to expected products...]]></system-err>
      </testcase>
      <system-out><![CDATA[2018-07-24 17:48:57 - [TEST_SUITE][ERROR] - MMA Plus Merchandising: Test Cases/Shop/VisitShop FAILED because (of) Main Category: Chiller
Product Category: Juices - 200ML
displayed products are less than to expected products...]]></system-out>
      <system-err><![CDATA[2018-07-24 17:48:57 - [TEST_SUITE][ERROR] - MMA Plus Merchandising: Test Cases/Shop/VisitShop FAILED because (of) Main Category: Chiller
Product Category: Juices - 200ML
displayed products are less than to expected products...]]></system-err>
   </testsuite>
</testsuites>
