<?xml version="1.0" encoding="UTF-8"?>
<testsuites name="MMA Plus Merchandising" time="155" tests="6" failures="1" errors="0">
   <testsuite name="MMA Plus Merchandising" tests="6" failures="1" errors="0" time="155" timestamp="2018-06-27 18:23:49" hostname="itcity - DESKTOP-3AG49P4" id="Test Suites/MMA Plus Merchandising">
      <properties>
         <property name="deviceName" value="samsung SM-J110H (Android 4.4.4)"/>
         <property name="devicePlatform" value=""/>
         <property name="logFolder" value="F:\\Git Projects\\MMAPlus_Merchandising\\MMAPlus_Merchandising\\Reports\\MMA Plus Merchandising\\20180627_182347"/>
         <property name="logFiles" value="F:\\Git Projects\\MMAPlus_Merchandising\\MMAPlus_Merchandising\\Reports\\MMA Plus Merchandising\\20180627_182347\\appium.log, F:\\Git Projects\\MMAPlus_Merchandising\\MMAPlus_Merchandising\\Reports\\MMA Plus Merchandising\\20180627_182347\\execution0.log"/>
         <property name="attachments" value="F:\\Git Projects\\MMAPlus_Merchandising\\MMAPlus_Merchandising\\Reports\\MMA Plus Merchandising\\20180627_182347\\1530105983153.png, F:\\Git Projects\\MMAPlus_Merchandising\\MMAPlus_Merchandising\\Reports\\MMA Plus Merchandising\\20180627_182347\\1530105984656.png"/>
         <property name="hostName" value="itcity - DESKTOP-3AG49P4"/>
         <property name="os" value="Windows 10 64bit"/>
         <property name="katalonVersion" value="5.4.2.1"/>
         <property name="deviceOS" value="Android"/>
         <property name="appiumVersion" value="1.8.0"/>
         <property name="deviceModel" value="SM-J110H"/>
         <property name="hostAddress" value="192.168.3.209"/>
         <property name="deviceManufacturer" value="samsung"/>
         <property name="deviceId" value="11015a1136d0b24a"/>
         <property name="deviceName" value="samsung SM-J110H (Android 4.4.4)"/>
         <property name="deviceOSVersion" value="4.4.4"/>
      </properties>
      <testcase name="Test Cases/LaunchingApp/LaunchApp" classname="Test Cases/LaunchingApp/LaunchApp" status="PASSED">
         <system-out><![CDATA[2018-06-27 18:23:50 - [TEST_CASE][PASSED] - Test Cases/LaunchingApp/LaunchApp: Test Cases/LaunchingApp/LaunchApp

2018-06-27 18:23:50 - [TEST_STEP][PASSED] - startApplication: Started app at: 'F:\QA_Automation\Builds\MMAPlus_Sup_v147_0304_live.apk'

2018-06-27 18:24:11 - [MESSAGE][PASSED] - Started app at: 'F:\QA_Automation\Builds\MMAPlus_Sup_v147_0304_live.apk'

2018-06-27 18:24:11 - [TEST_STEP][PASSED] - delay: Delayed 5 second(s)

2018-06-27 18:24:16 - [MESSAGE][PASSED] - Delayed 5 second(s)]]></system-out>
         <system-err><![CDATA[]]></system-err>
      </testcase>
      <testcase name="Test Cases/DistributionPoint/VisitDistributionPoint" classname="Test Cases/DistributionPoint/VisitDistributionPoint" status="PASSED">
         <system-out><![CDATA[2018-06-27 18:24:16 - [TEST_CASE][PASSED] - Test Cases/DistributionPoint/VisitDistributionPoint: Test Cases/DistributionPoint/VisitDistributionPoint

2018-06-27 18:24:17 - [TEST_STEP][PASSED] - verifyElementText: Actual text and expected text of test object 'Object Repository/DashboardScreenElements/Validate_DashboardScreen' are matched.

2018-06-27 18:24:17 - [MESSAGE][PASSED] - Actual text and expected text of test object 'Object Repository/DashboardScreenElements/Validate_DashboardScreen' are matched.

2018-06-27 18:24:17 - [TEST_STEP][PASSED] - tap: Tapped on element 'Object Repository/DashboardScreenElements/DaysDropdownMenu'

2018-06-27 18:24:17 - [MESSAGE][WARNING] - Timeout '0' is invalid. Using default page load timeout: '15'

2018-06-27 18:24:18 - [MESSAGE][PASSED] - Tapped on element 'Object Repository/DashboardScreenElements/DaysDropdownMenu'

2018-06-27 18:24:18 - [TEST_STEP][PASSED] - customkeywords.CustomKeywordsCollection.selectday: customkeywords.CustomKeywordsCollection.selectday is PASSED

2018-06-27 18:24:22 - [MESSAGE][PASSED] - customkeywords.CustomKeywordsCollection.selectday is PASSED

2018-06-27 18:24:22 - [TEST_STEP][PASSED] - tap: Tapped on element 'Object Repository/DashboardScreenElements/StartYourDay'

2018-06-27 18:24:22 - [MESSAGE][WARNING] - Timeout '0' is invalid. Using default page load timeout: '15'

2018-06-27 18:24:23 - [MESSAGE][PASSED] - Tapped on element 'Object Repository/DashboardScreenElements/StartYourDay'

2018-06-27 18:24:23 - [TEST_STEP][PASSED] - delay: Delayed 10 second(s)

2018-06-27 18:24:33 - [MESSAGE][PASSED] - Delayed 10 second(s)

2018-06-27 18:24:33 - [TEST_STEP][PASSED] - waitForElementPresent: Element 'Object Repository/CommonScreenElements/Validate_MapScreen' is present

2018-06-27 18:24:40 - [MESSAGE][PASSED] - Element 'Object Repository/CommonScreenElements/Validate_MapScreen' is present

2018-06-27 18:24:40 - [TEST_STEP][PASSED] - tap: Tapped on element 'Object Repository/CommonScreenElements/Location_CheckIn'

2018-06-27 18:24:40 - [MESSAGE][WARNING] - Timeout '0' is invalid. Using default page load timeout: '15'

2018-06-27 18:24:41 - [MESSAGE][PASSED] - Tapped on element 'Object Repository/CommonScreenElements/Location_CheckIn'

2018-06-27 18:24:41 - [TEST_STEP][PASSED] - verifyElementExist: Element 'Object Repository/CommonScreenElements/Validate_InfoPopUP' is exist

2018-06-27 18:24:41 - [MESSAGE][WARNING] - Timeout '0' is invalid. Using default page load timeout: '15'

2018-06-27 18:24:42 - [MESSAGE][PASSED] - Element 'Object Repository/CommonScreenElements/Validate_InfoPopUP' is exist

2018-06-27 18:24:42 - [TEST_STEP][PASSED] - tap: Tapped on element 'Object Repository/CommonScreenElements/InfoPopUp_NoButton'

2018-06-27 18:24:42 - [MESSAGE][WARNING] - Timeout '0' is invalid. Using default page load timeout: '15'

2018-06-27 18:24:42 - [MESSAGE][PASSED] - Tapped on element 'Object Repository/CommonScreenElements/InfoPopUp_NoButton'

2018-06-27 18:24:42 - [TEST_STEP][PASSED] - verifyElementText: Actual text and expected text of test object 'Object Repository/DistributionPoint/Validate_RouteInfoScreen' are matched.

2018-06-27 18:24:44 - [MESSAGE][PASSED] - Actual text and expected text of test object 'Object Repository/DistributionPoint/Validate_RouteInfoScreen' are matched.

2018-06-27 18:24:44 - [TEST_STEP][PASSED] - tap: Tapped on element 'Object Repository/DistributionPoint/RouteInfoNextButton'

2018-06-27 18:24:44 - [MESSAGE][WARNING] - Timeout '0' is invalid. Using default page load timeout: '15'

2018-06-27 18:24:44 - [MESSAGE][PASSED] - Tapped on element 'Object Repository/DistributionPoint/RouteInfoNextButton'

2018-06-27 18:24:44 - [TEST_STEP][PASSED] - verifyElementText: Actual text and expected text of test object 'Object Repository/DistributionPoint/Validate_DistributionPointScreen' are matched.

2018-06-27 18:24:46 - [MESSAGE][PASSED] - Actual text and expected text of test object 'Object Repository/DistributionPoint/Validate_DistributionPointScreen' are matched.

2018-06-27 18:24:46 - [TEST_STEP][PASSED] - customkeywords.CustomKeywordsCollection.visitdistributionPoint: customkeywords.CustomKeywordsCollection.visitdistributionPoint is PASSED

2018-06-27 18:24:49 - [MESSAGE][PASSED] - Keyboard is hidden

2018-06-27 18:24:52 - [MESSAGE][PASSED] - Keyboard is hidden

2018-06-27 18:24:55 - [MESSAGE][PASSED] - Keyboard is hidden

2018-06-27 18:24:58 - [MESSAGE][PASSED] - Keyboard is hidden

2018-06-27 18:24:58 - [MESSAGE][PASSED] - customkeywords.CustomKeywordsCollection.visitdistributionPoint is PASSED

2018-06-27 18:24:58 - [TEST_STEP][PASSED] - tap: Tapped on element 'Object Repository/DistributionPoint/DistributionPoint_SubmitButton'

2018-06-27 18:24:58 - [MESSAGE][WARNING] - Timeout '0' is invalid. Using default page load timeout: '15'

2018-06-27 18:24:59 - [MESSAGE][PASSED] - Tapped on element 'Object Repository/DistributionPoint/DistributionPoint_SubmitButton'

2018-06-27 18:24:59 - [TEST_STEP][PASSED] - verifyElementText: Actual text and expected text of test object 'Object Repository/DashboardScreenElements/Validate_DashboardScreen' are matched.

2018-06-27 18:25:01 - [MESSAGE][PASSED] - Actual text and expected text of test object 'Object Repository/DashboardScreenElements/Validate_DashboardScreen' are matched.]]></system-out>
         <system-err><![CDATA[]]></system-err>
      </testcase>
      <testcase name="Test Cases/ShopWithChiller/ChooseShopForShopClosed" classname="Test Cases/ShopWithChiller/ChooseShopForShopClosed" status="PASSED">
         <system-out><![CDATA[2018-06-27 18:25:01 - [TEST_CASE][PASSED] - Test Cases/ShopWithChiller/ChooseShopForShopClosed: Test Cases/ShopWithChiller/ChooseShopForShopClosed

2018-06-27 18:25:01 - [TEST_STEP][PASSED] - tap: Tapped on element 'Object Repository/DashboardScreenElements/StartYourDay'

2018-06-27 18:25:01 - [MESSAGE][WARNING] - Timeout '0' is invalid. Using default page load timeout: '15'

2018-06-27 18:25:02 - [MESSAGE][PASSED] - Tapped on element 'Object Repository/DashboardScreenElements/StartYourDay'

2018-06-27 18:25:02 - [TEST_STEP][PASSED] - verifyElementText: Actual text and expected text of test object 'Object Repository/Validate_ShopListScreen' are matched.

2018-06-27 18:25:04 - [MESSAGE][PASSED] - Actual text and expected text of test object 'Object Repository/Validate_ShopListScreen' are matched.

2018-06-27 18:25:04 - [TEST_STEP][PASSED] - customkeywords.CustomKeywordsCollection.selectShopWithChiller: customkeywords.CustomKeywordsCollection.selectShopWithChiller is PASSED

2018-06-27 18:25:06 - [MESSAGE][PASSED] - customkeywords.CustomKeywordsCollection.selectShopWithChiller is PASSED

2018-06-27 18:25:06 - [TEST_STEP][PASSED] - verifyElementText: Actual text and expected text of test object 'Object Repository/Validate_ShopOptionsScreen' are matched.

2018-06-27 18:25:08 - [MESSAGE][PASSED] - Actual text and expected text of test object 'Object Repository/Validate_ShopOptionsScreen' are matched.

2018-06-27 18:25:08 - [TEST_STEP][PASSED] - tap: Tapped on element 'Object Repository/StartWorking'

2018-06-27 18:25:08 - [MESSAGE][WARNING] - Timeout '0' is invalid. Using default page load timeout: '15'

2018-06-27 18:25:08 - [MESSAGE][PASSED] - Tapped on element 'Object Repository/StartWorking'

2018-06-27 18:25:08 - [TEST_STEP][PASSED] - waitForElementPresent: Element 'Object Repository/CommonScreenElements/Validate_MapScreen' is present

2018-06-27 18:25:24 - [MESSAGE][PASSED] - Element 'Object Repository/CommonScreenElements/Validate_MapScreen' is present

2018-06-27 18:25:24 - [TEST_STEP][PASSED] - tap: Tapped on element 'Object Repository/CommonScreenElements/Location_CheckIn'

2018-06-27 18:25:24 - [MESSAGE][WARNING] - Timeout '0' is invalid. Using default page load timeout: '15'

2018-06-27 18:25:24 - [MESSAGE][PASSED] - Tapped on element 'Object Repository/CommonScreenElements/Location_CheckIn'

2018-06-27 18:25:24 - [TEST_STEP][PASSED] - verifyElementExist: Element 'Object Repository/CommonScreenElements/Validate_InfoPopUP' is exist

2018-06-27 18:25:24 - [MESSAGE][WARNING] - Timeout '0' is invalid. Using default page load timeout: '15'

2018-06-27 18:25:26 - [MESSAGE][PASSED] - Element 'Object Repository/CommonScreenElements/Validate_InfoPopUP' is exist

2018-06-27 18:25:26 - [TEST_STEP][PASSED] - tap: Tapped on element 'Object Repository/CommonScreenElements/InfoPopUp_NoButton'

2018-06-27 18:25:26 - [MESSAGE][WARNING] - Timeout '0' is invalid. Using default page load timeout: '15'

2018-06-27 18:25:27 - [MESSAGE][PASSED] - Tapped on element 'Object Repository/CommonScreenElements/InfoPopUp_NoButton'

2018-06-27 18:25:27 - [TEST_STEP][PASSED] - verifyElementExist: Element 'Object Repository/ShopActions_List' is exist

2018-06-27 18:25:27 - [MESSAGE][WARNING] - Timeout '0' is invalid. Using default page load timeout: '15'

2018-06-27 18:25:27 - [MESSAGE][PASSED] - Element 'Object Repository/ShopActions_List' is exist]]></system-out>
         <system-err><![CDATA[]]></system-err>
      </testcase>
      <testcase name="Test Cases/ShopClosed/VisitShopClosed" classname="Test Cases/ShopClosed/VisitShopClosed" status="PASSED">
         <system-out><![CDATA[2018-06-27 18:25:27 - [TEST_CASE][PASSED] - Test Cases/ShopClosed/VisitShopClosed: Test Cases/ShopClosed/VisitShopClosed

2018-06-27 18:25:27 - [TEST_STEP][PASSED] - tap: Tapped on element 'Object Repository/ShopClosed/ShopClosed'

2018-06-27 18:25:27 - [MESSAGE][WARNING] - Timeout '0' is invalid. Using default page load timeout: '15'

2018-06-27 18:25:30 - [MESSAGE][PASSED] - Tapped on element 'Object Repository/ShopClosed/ShopClosed'

2018-06-27 18:25:30 - [TEST_STEP][PASSED] - verifyElementExist: Element 'Object Repository/CommonScreenElements/Validate_CameraScreen' is exist

2018-06-27 18:25:30 - [MESSAGE][WARNING] - Timeout '0' is invalid. Using default page load timeout: '15'

2018-06-27 18:25:31 - [MESSAGE][PASSED] - Element 'Object Repository/CommonScreenElements/Validate_CameraScreen' is exist

2018-06-27 18:25:31 - [TEST_STEP][PASSED] - tap: Tapped on element 'Object Repository/CommonScreenElements/TakePictureButton'

2018-06-27 18:25:31 - [MESSAGE][WARNING] - Timeout '0' is invalid. Using default page load timeout: '15'

2018-06-27 18:25:34 - [MESSAGE][PASSED] - Tapped on element 'Object Repository/CommonScreenElements/TakePictureButton'

2018-06-27 18:25:34 - [TEST_STEP][PASSED] - delay: Delayed 5 second(s)

2018-06-27 18:25:39 - [MESSAGE][PASSED] - Delayed 5 second(s)

2018-06-27 18:25:39 - [TEST_STEP][PASSED] - tap: Tapped on element 'Object Repository/CommonScreenElements/DoneButton'

2018-06-27 18:25:39 - [MESSAGE][WARNING] - Timeout '0' is invalid. Using default page load timeout: '15'

2018-06-27 18:25:40 - [MESSAGE][PASSED] - Tapped on element 'Object Repository/CommonScreenElements/DoneButton']]></system-out>
         <system-err><![CDATA[]]></system-err>
      </testcase>
      <testcase name="Test Cases/ShopWithChiller/ChooseShopForShopOpen" classname="Test Cases/ShopWithChiller/ChooseShopForShopOpen" status="PASSED">
         <system-out><![CDATA[2018-06-27 18:25:40 - [TEST_CASE][PASSED] - Test Cases/ShopWithChiller/ChooseShopForShopOpen: Test Cases/ShopWithChiller/ChooseShopForShopOpen

2018-06-27 18:25:40 - [TEST_STEP][PASSED] - swipe: Swiped from 0,200 to 0,600

2018-06-27 18:25:41 - [MESSAGE][PASSED] - Swiped from 0,200 to 0,600

2018-06-27 18:25:41 - [TEST_STEP][PASSED] - swipe: Swiped from 0,200 to 0,600

2018-06-27 18:25:41 - [MESSAGE][PASSED] - Swiped from 0,200 to 0,600

2018-06-27 18:25:42 - [TEST_STEP][PASSED] - verifyElementText: Actual text and expected text of test object 'Object Repository/Validate_ShopListScreen' are matched.

2018-06-27 18:25:42 - [MESSAGE][PASSED] - Actual text and expected text of test object 'Object Repository/Validate_ShopListScreen' are matched.

2018-06-27 18:25:42 - [TEST_STEP][PASSED] - customkeywords.CustomKeywordsCollection.selectShopWithChiller: customkeywords.CustomKeywordsCollection.selectShopWithChiller is PASSED

2018-06-27 18:25:45 - [MESSAGE][PASSED] - customkeywords.CustomKeywordsCollection.selectShopWithChiller is PASSED

2018-06-27 18:25:45 - [TEST_STEP][PASSED] - verifyElementText: Actual text and expected text of test object 'Object Repository/Validate_ShopOptionsScreen' are matched.

2018-06-27 18:25:47 - [MESSAGE][PASSED] - Actual text and expected text of test object 'Object Repository/Validate_ShopOptionsScreen' are matched.

2018-06-27 18:25:47 - [TEST_STEP][PASSED] - tap: Tapped on element 'Object Repository/StartWorking'

2018-06-27 18:25:47 - [MESSAGE][WARNING] - Timeout '0' is invalid. Using default page load timeout: '15'

2018-06-27 18:25:47 - [MESSAGE][PASSED] - Tapped on element 'Object Repository/StartWorking'

2018-06-27 18:25:47 - [TEST_STEP][PASSED] - verifyElementExist: Element 'Object Repository/CommonScreenElements/Validate_InfoPopUP' is exist

2018-06-27 18:25:47 - [MESSAGE][WARNING] - Timeout '0' is invalid. Using default page load timeout: '15'

2018-06-27 18:25:48 - [MESSAGE][PASSED] - Element 'Object Repository/CommonScreenElements/Validate_InfoPopUP' is exist

2018-06-27 18:25:48 - [TEST_STEP][PASSED] - tap: Tapped on element 'Object Repository/CommonScreenElements/InfoPopUp_YesButton'

2018-06-27 18:25:48 - [MESSAGE][WARNING] - Timeout '0' is invalid. Using default page load timeout: '15'

2018-06-27 18:25:49 - [MESSAGE][PASSED] - Tapped on element 'Object Repository/CommonScreenElements/InfoPopUp_YesButton'

2018-06-27 18:25:49 - [TEST_STEP][PASSED] - waitForElementPresent: Element 'Object Repository/CommonScreenElements/Validate_MapScreen' is present

2018-06-27 18:26:05 - [MESSAGE][PASSED] - Element 'Object Repository/CommonScreenElements/Validate_MapScreen' is present

2018-06-27 18:26:05 - [TEST_STEP][PASSED] - tap: Tapped on element 'Object Repository/CommonScreenElements/Location_CheckIn'

2018-06-27 18:26:05 - [MESSAGE][WARNING] - Timeout '0' is invalid. Using default page load timeout: '15'

2018-06-27 18:26:05 - [MESSAGE][PASSED] - Tapped on element 'Object Repository/CommonScreenElements/Location_CheckIn'

2018-06-27 18:26:05 - [TEST_STEP][PASSED] - verifyElementExist: Element 'Object Repository/CommonScreenElements/Validate_InfoPopUP' is exist

2018-06-27 18:26:05 - [MESSAGE][WARNING] - Timeout '0' is invalid. Using default page load timeout: '15'

2018-06-27 18:26:06 - [MESSAGE][PASSED] - Element 'Object Repository/CommonScreenElements/Validate_InfoPopUP' is exist

2018-06-27 18:26:06 - [TEST_STEP][PASSED] - tap: Tapped on element 'Object Repository/CommonScreenElements/InfoPopUp_NoButton'

2018-06-27 18:26:06 - [MESSAGE][WARNING] - Timeout '0' is invalid. Using default page load timeout: '15'

2018-06-27 18:26:07 - [MESSAGE][PASSED] - Tapped on element 'Object Repository/CommonScreenElements/InfoPopUp_NoButton'

2018-06-27 18:26:07 - [TEST_STEP][PASSED] - verifyElementExist: Element 'Object Repository/ShopActions_List' is exist

2018-06-27 18:26:07 - [MESSAGE][WARNING] - Timeout '0' is invalid. Using default page load timeout: '15'

2018-06-27 18:26:07 - [MESSAGE][PASSED] - Element 'Object Repository/ShopActions_List' is exist]]></system-out>
         <system-err><![CDATA[]]></system-err>
      </testcase>
      <testcase name="Test Cases/ShopOpen/VisitShopOpenWithChillerNotAllocated" classname="Test Cases/ShopOpen/VisitShopOpenWithChillerNotAllocated" status="PASSED">
         <system-out><![CDATA[2018-06-27 18:26:07 - [TEST_CASE][PASSED] - Test Cases/ShopOpen/VisitShopOpenWithChillerNotAllocated: Test Cases/ShopOpen/VisitShopOpenWithChillerNotAllocated

2018-06-27 18:26:08 - [TEST_STEP][PASSED] - tap: Tapped on element 'Object Repository/ShopOpen/ShopOpen'

2018-06-27 18:26:08 - [MESSAGE][WARNING] - Timeout '0' is invalid. Using default page load timeout: '15'

2018-06-27 18:26:10 - [MESSAGE][PASSED] - Tapped on element 'Object Repository/ShopOpen/ShopOpen'

2018-06-27 18:26:10 - [TEST_STEP][PASSED] - verifyElementExist: Element 'Object Repository/CommonScreenElements/Validate_CameraScreen' is exist

2018-06-27 18:26:10 - [MESSAGE][WARNING] - Timeout '0' is invalid. Using default page load timeout: '15'

2018-06-27 18:26:11 - [MESSAGE][PASSED] - Element 'Object Repository/CommonScreenElements/Validate_CameraScreen' is exist

2018-06-27 18:26:11 - [TEST_STEP][PASSED] - tap: Tapped on element 'Object Repository/CommonScreenElements/TakePictureButton'

2018-06-27 18:26:11 - [MESSAGE][WARNING] - Timeout '0' is invalid. Using default page load timeout: '15'

2018-06-27 18:26:14 - [MESSAGE][PASSED] - Tapped on element 'Object Repository/CommonScreenElements/TakePictureButton'

2018-06-27 18:26:14 - [TEST_STEP][PASSED] - delay: Delayed 5 second(s)

2018-06-27 18:26:19 - [MESSAGE][PASSED] - Delayed 5 second(s)

2018-06-27 18:26:19 - [TEST_STEP][PASSED] - tap: Tapped on element 'Object Repository/CommonScreenElements/DoneButton'

2018-06-27 18:26:19 - [MESSAGE][WARNING] - Timeout '0' is invalid. Using default page load timeout: '15'

2018-06-27 18:26:20 - [MESSAGE][PASSED] - Tapped on element 'Object Repository/CommonScreenElements/DoneButton']]></system-out>
         <system-err><![CDATA[]]></system-err>
      </testcase>
      <testcase name="Test Cases/ShopOpen/VisitShopProductsWithChillerNotAllocated" classname="Test Cases/ShopOpen/VisitShopProductsWithChillerNotAllocated" status="FAILED">
         <failure type="FAILED" message="Verify element text of test object 'Object Repository/ShopOpen/Validate_ShopModulesScreen' FAILED. (Root cause: Actual text 'Channel: Small Kiryana' and expected text 'Channel: Small Kiryana1' of test object 'Object Repository/ShopOpen/Validate_ShopModulesScreen' are NOT matched.)"/>
         <system-out><![CDATA[2018-06-27 18:26:20 - [TEST_CASE][FAILED] - Test Cases/ShopOpen/VisitShopProductsWithChillerNotAllocated: Test Cases/ShopOpen/VisitShopProductsWithChillerNotAllocated FAILED because (of) Verify element text of test object 'Object Repository/ShopOpen/Validate_ShopModulesScreen' FAILED. (Root cause: Actual text 'Channel: Small Kiryana' and expected text 'Channel: Small Kiryana1' of test object 'Object Repository/ShopOpen/Validate_ShopModulesScreen' are NOT matched.)

2018-06-27 18:26:20 - [TEST_STEP][FAILED] - verifyElementText: Verify element text of test object 'Object Repository/ShopOpen/Validate_ShopModulesScreen' FAILED. (Root cause: Actual text 'Channel: Small Kiryana' and expected text 'Channel: Small Kiryana1' of test object 'Object Repository/ShopOpen/Validate_ShopModulesScreen' are NOT matched.)

2018-06-27 18:26:24 - [MESSAGE][FAILED] - Actual text 'Channel: Small Kiryana' and expected text 'Channel: Small Kiryana1' of test object 'Object Repository/ShopOpen/Validate_ShopModulesScreen' are NOT matched.
[[ATTACHMENT|F:\\Git Projects\\MMAPlus_Merchandising\\MMAPlus_Merchandising\\Reports\\MMA Plus Merchandising\\20180627_182347\\1530105983153.png]]

2018-06-27 18:26:25 - [MESSAGE][FAILED] - Verify element text of test object 'Object Repository/ShopOpen/Validate_ShopModulesScreen' FAILED. (Root cause: Actual text 'Channel: Small Kiryana' and expected text 'Channel: Small Kiryana1' of test object 'Object Repository/ShopOpen/Validate_ShopModulesScreen' are NOT matched.)
[[ATTACHMENT|F:\\Git Projects\\MMAPlus_Merchandising\\MMAPlus_Merchandising\\Reports\\MMA Plus Merchandising\\20180627_182347\\1530105984656.png]]]]></system-out>
         <system-err><![CDATA[2018-06-27 18:26:20 - [TEST_CASE][FAILED] - Test Cases/ShopOpen/VisitShopProductsWithChillerNotAllocated: Test Cases/ShopOpen/VisitShopProductsWithChillerNotAllocated FAILED because (of) Verify element text of test object 'Object Repository/ShopOpen/Validate_ShopModulesScreen' FAILED. (Root cause: Actual text 'Channel: Small Kiryana' and expected text 'Channel: Small Kiryana1' of test object 'Object Repository/ShopOpen/Validate_ShopModulesScreen' are NOT matched.)]]></system-err>
      </testcase>
      <system-out><![CDATA[2018-06-27 18:23:49 - [TEST_SUITE][FAILED] - MMA Plus Merchandising: Test Cases/ShopOpen/VisitShopProductsWithChillerNotAllocated FAILED because (of) Verify element text of test object 'Object Repository/ShopOpen/Validate_ShopModulesScreen' FAILED. (Root cause: Actual text 'Channel: Small Kiryana' and expected text 'Channel: Small Kiryana1' of test object 'Object Repository/ShopOpen/Validate_ShopModulesScreen' are NOT matched.)]]></system-out>
      <system-err><![CDATA[2018-06-27 18:23:49 - [TEST_SUITE][FAILED] - MMA Plus Merchandising: Test Cases/ShopOpen/VisitShopProductsWithChillerNotAllocated FAILED because (of) Verify element text of test object 'Object Repository/ShopOpen/Validate_ShopModulesScreen' FAILED. (Root cause: Actual text 'Channel: Small Kiryana' and expected text 'Channel: Small Kiryana1' of test object 'Object Repository/ShopOpen/Validate_ShopModulesScreen' are NOT matched.)]]></system-err>
   </testsuite>
</testsuites>
