<?xml version="1.0" encoding="UTF-8"?>
<testsuites name="MMA Plus Merchandising With Shop Level Overwrite Scenarios" time="114" tests="1" failures="0" errors="1">
   <testsuite name="MMA Plus Merchandising With Shop Level Overwrite Scenarios" tests="1" failures="0" errors="1" time="114" timestamp="2018-08-10 18:54:14" hostname="Fahad Shah - DESKTOP-L12UUAD" id="Test Suites/MMA Plus Merchandising With Shop Level Overwrite Scenarios">
      <properties>
         <property name="deviceName" value="samsung SM-J110H (Android 4.4.4)"/>
         <property name="devicePlatform" value=""/>
         <property name="logFolder" value="F:\\Git Projects\\MMAPlus_Merchandising\\MMAPlus_Merchandising\\Reports\\MMA Plus Merchandising With Shop Level Overwrite Scenarios\\20180810_185412"/>
         <property name="logFiles" value="F:\\Git Projects\\MMAPlus_Merchandising\\MMAPlus_Merchandising\\Reports\\MMA Plus Merchandising With Shop Level Overwrite Scenarios\\20180810_185412\\appium.log, F:\\Git Projects\\MMAPlus_Merchandising\\MMAPlus_Merchandising\\Reports\\MMA Plus Merchandising With Shop Level Overwrite Scenarios\\20180810_185412\\execution0.log"/>
         <property name="attachments" value=""/>
         <property name="hostName" value="Fahad Shah - DESKTOP-L12UUAD"/>
         <property name="os" value="Windows 10 64bit"/>
         <property name="katalonVersion" value="5.6.0.1"/>
         <property name="deviceOS" value="Android"/>
         <property name="appiumVersion" value="1.8.1"/>
         <property name="deviceModel" value="SM-J110H"/>
         <property name="hostAddress" value="192.168.3.191"/>
         <property name="deviceManufacturer" value="samsung"/>
         <property name="deviceId" value="11016e423244a24a"/>
         <property name="deviceName" value="samsung SM-J110H (Android 4.4.4)"/>
         <property name="deviceOSVersion" value="4.4.4"/>
      </properties>
      <testcase name="Test Cases/LaunchingApp/LaunchApp" classname="Test Cases/LaunchingApp/LaunchApp" status="PASSED">
         <system-out><![CDATA[2018-08-10 18:54:15 - [TEST_CASE][PASSED] - Test Cases/LaunchingApp/LaunchApp: Test Cases/LaunchingApp/LaunchApp

2018-08-10 18:54:15 - [TEST_STEP][PASSED] - startApplication: Started app at: 'F:\QA_Automation\Builds\mma_local_060818_v150.apk'

2018-08-10 18:54:32 - [MESSAGE][PASSED] - Started app at: 'F:\QA_Automation\Builds\mma_local_060818_v150.apk'

2018-08-10 18:54:32 - [TEST_STEP][PASSED] - delay: Delayed 5 second(s)

2018-08-10 18:54:37 - [MESSAGE][PASSED] - Delayed 5 second(s)]]></system-out>
         <system-err><![CDATA[]]></system-err>
      </testcase>
      <testcase name="Test Cases/VisitShopScenarios/VisitShopsWithShopLevelOverwriting" classname="Test Cases/VisitShopScenarios/VisitShopsWithShopLevelOverwriting" status="ERROR">
         <error type="ERROR" message="Test Cases/VisitShopScenarios/VisitShopsWithShopLevelOverwriting FAILED because (of) org.codehaus.groovy.runtime.InvokerInvocationException: groovy.lang.MissingMethodException: No signature of method: java.lang.String.positive() is applicable for argument types: () values: []
Possible solutions: notify(), size(), tokenize(), size()"/>
         <system-out><![CDATA[2018-08-10 18:54:37 - [TEST_CASE][ERROR] - Test Cases/VisitShopScenarios/VisitShopsWithShopLevelOverwriting: Test Cases/VisitShopScenarios/VisitShopsWithShopLevelOverwriting FAILED because (of) org.codehaus.groovy.runtime.InvokerInvocationException: groovy.lang.MissingMethodException: No signature of method: java.lang.String.positive() is applicable for argument types: () values: []
Possible solutions: notify(), size(), tokenize(), size()

2018-08-10 18:54:37 - [TEST_STEP][PASSED] - verifyElementText: Actual text and expected text of test object 'Object Repository/DashboardScreenElements/Validate_DashboardScreen' are matched.

2018-08-10 18:54:39 - [MESSAGE][PASSED] - Actual text and expected text of test object 'Object Repository/DashboardScreenElements/Validate_DashboardScreen' are matched.

2018-08-10 18:54:39 - [TEST_STEP][PASSED] - com.ct.qa.keywords.CommonKeywords.selectday: com.ct.qa.keywords.CommonKeywords.selectday is PASSED

2018-08-10 18:54:39 - [MESSAGE][WARNING] - Timeout '0' is invalid. Using default page load timeout: '5'

2018-08-10 18:54:39 - [MESSAGE][PASSED] - Tapped on element 'Object Repository/DashboardScreenElements/DaysDropdownMenu'

2018-08-10 18:54:39 - [MESSAGE][WARNING] - Timeout '0' is invalid. Using default page load timeout: '5'

2018-08-10 18:54:41 - [MESSAGE][PASSED] - Element 'Object Repository/DashboardScreenElements/Validate_DaysListScreen' is exist

2018-08-10 18:54:43 - [MESSAGE][PASSED] - com.ct.qa.keywords.CommonKeywords.selectday is PASSED

2018-08-10 18:54:43 - [TEST_STEP][PASSED] - tap: Tapped on element 'Object Repository/DashboardScreenElements/StartYourDay'

2018-08-10 18:54:43 - [MESSAGE][WARNING] - Timeout '0' is invalid. Using default page load timeout: '5'

2018-08-10 18:54:44 - [MESSAGE][PASSED] - Tapped on element 'Object Repository/DashboardScreenElements/StartYourDay'

2018-08-10 18:54:44 - [TEST_STEP][PASSED] - verifyElementText: Actual text and expected text of test object 'Object Repository/Validate_ShopListScreen' are matched.

2018-08-10 18:54:47 - [MESSAGE][PASSED] - Actual text and expected text of test object 'Object Repository/Validate_ShopListScreen' are matched.

2018-08-10 18:54:47 - [TEST_STEP][ERROR] - com.ct.qa.keywords.ShopVisitingScenariosKeywords.visitShopsWithShopLevelOverwriting: groovy.lang.MissingMethodException: No signature of method: java.lang.String.positive() is applicable for argument types: () values: []
Possible solutions: notify(), size(), tokenize(), size()

2018-08-10 18:54:50 - [MESSAGE][PASSED] - Actual text and expected text of test object 'Object Repository/Validate_ShopOptionsScreen' are matched.

2018-08-10 18:54:50 - [MESSAGE][WARNING] - Timeout '0' is invalid. Using default page load timeout: '5'

2018-08-10 18:54:50 - [MESSAGE][PASSED] - Tapped on element 'Object Repository/StartWorking'

2018-08-10 18:55:05 - [MESSAGE][PASSED] - Delayed 15 second(s)

2018-08-10 18:55:07 - [MESSAGE][PASSED] - Element 'Object Repository/CommonScreenElements/Validate_MapScreen' is exist

2018-08-10 18:55:07 - [MESSAGE][WARNING] - Timeout '0' is invalid. Using default page load timeout: '5'

2018-08-10 18:55:08 - [MESSAGE][PASSED] - Tapped on element 'Object Repository/CommonScreenElements/Location_CheckIn'

2018-08-10 18:55:08 - [MESSAGE][WARNING] - Timeout '0' is invalid. Using default page load timeout: '5'

2018-08-10 18:55:09 - [MESSAGE][PASSED] - Element 'Object Repository/CommonScreenElements/Validate_InfoPopUP' is exist

2018-08-10 18:55:09 - [MESSAGE][WARNING] - Timeout '0' is invalid. Using default page load timeout: '5'

2018-08-10 18:55:10 - [MESSAGE][PASSED] - Tapped on element 'Object Repository/CommonScreenElements/InfoPopUp_NoButton'

2018-08-10 18:55:10 - [TEST_CASE][PASSED] - Test Cases/ShopKeeperDidNotAllow/VisitShopKeeperDidNotAllow: Test Cases/ShopKeeperDidNotAllow/VisitShopKeeperDidNotAllow

2018-08-10 18:55:10 - [TEST_STEP][PASSED] - verifyElementExist: Element 'Object Repository/ShopActions_List' is exist

2018-08-10 18:55:10 - [MESSAGE][WARNING] - Timeout '0' is invalid. Using default page load timeout: '5'

2018-08-10 18:55:10 - [MESSAGE][PASSED] - Element 'Object Repository/ShopActions_List' is exist

2018-08-10 18:55:10 - [TEST_STEP][PASSED] - tap: Tapped on element 'Object Repository/ShopKeeperDidNotAllow/ShoopKeeperDidNotAllow'

2018-08-10 18:55:10 - [MESSAGE][WARNING] - Timeout '0' is invalid. Using default page load timeout: '5'

2018-08-10 18:55:12 - [MESSAGE][PASSED] - Tapped on element 'Object Repository/ShopKeeperDidNotAllow/ShoopKeeperDidNotAllow'

2018-08-10 18:55:12 - [TEST_STEP][PASSED] - verifyElementExist: Element 'Object Repository/CommonScreenElements/Validate_CameraScreen' is exist

2018-08-10 18:55:12 - [MESSAGE][WARNING] - Timeout '0' is invalid. Using default page load timeout: '5'

2018-08-10 18:55:13 - [MESSAGE][PASSED] - Element 'Object Repository/CommonScreenElements/Validate_CameraScreen' is exist

2018-08-10 18:55:13 - [TEST_STEP][PASSED] - tap: Tapped on element 'Object Repository/CommonScreenElements/TakePictureButton'

2018-08-10 18:55:13 - [MESSAGE][WARNING] - Timeout '0' is invalid. Using default page load timeout: '5'

2018-08-10 18:55:16 - [MESSAGE][PASSED] - Tapped on element 'Object Repository/CommonScreenElements/TakePictureButton'

2018-08-10 18:55:16 - [TEST_STEP][PASSED] - delay: Delayed 5 second(s)

2018-08-10 18:55:21 - [MESSAGE][PASSED] - Delayed 5 second(s)

2018-08-10 18:55:21 - [TEST_STEP][PASSED] - tap: Tapped on element 'Object Repository/CommonScreenElements/DoneButton'

2018-08-10 18:55:21 - [MESSAGE][WARNING] - Timeout '0' is invalid. Using default page load timeout: '5'

2018-08-10 18:55:22 - [MESSAGE][PASSED] - Tapped on element 'Object Repository/CommonScreenElements/DoneButton'

2018-08-10 18:55:23 - [TEST_STEP][PASSED] - verifyElementText: Actual text and expected text of test object 'Object Repository/ShopKeeperDidNotAllow/Validate_ShopRemarksScreen' are matched.

2018-08-10 18:55:24 - [MESSAGE][PASSED] - Actual text and expected text of test object 'Object Repository/ShopKeeperDidNotAllow/Validate_ShopRemarksScreen' are matched.

2018-08-10 18:55:24 - [TEST_STEP][PASSED] - tap: Tapped on element 'Object Repository/ShopKeeperDidNotAllow/CategoryRemark_ExpiryIssue'

2018-08-10 18:55:24 - [MESSAGE][WARNING] - Timeout '0' is invalid. Using default page load timeout: '5'

2018-08-10 18:55:24 - [MESSAGE][PASSED] - Tapped on element 'Object Repository/ShopKeeperDidNotAllow/CategoryRemark_ExpiryIssue'

2018-08-10 18:55:24 - [TEST_STEP][PASSED] - tap: Tapped on element 'Object Repository/ShopKeeperDidNotAllow/ShopRemarks_BackButton'

2018-08-10 18:55:24 - [MESSAGE][WARNING] - Timeout '0' is invalid. Using default page load timeout: '5'

2018-08-10 18:55:25 - [MESSAGE][PASSED] - Tapped on element 'Object Repository/ShopKeeperDidNotAllow/ShopRemarks_BackButton'

2018-08-10 18:55:25 - [MESSAGE][PASSED] - Call Test Case 'Test Cases/ShopKeeperDidNotAllow/VisitShopKeeperDidNotAllow' successfully

2018-08-10 18:55:25 - [MESSAGE][WARNING] - Timeout '0' is invalid. Using default page load timeout: '5'

2018-08-10 18:55:26 - [MESSAGE][PASSED] - Element 'Object Repository/Validate_ShopListScreen' is exist

2018-08-10 18:55:30 - [MESSAGE][PASSED] - Actual text and expected text of test object 'Object Repository/Validate_ShopOptionsScreen' are matched.

2018-08-10 18:55:30 - [MESSAGE][WARNING] - Timeout '0' is invalid. Using default page load timeout: '5'

2018-08-10 18:55:30 - [MESSAGE][PASSED] - Tapped on element 'Object Repository/StartWorking'

2018-08-10 18:55:30 - [MESSAGE][WARNING] - Timeout '0' is invalid. Using default page load timeout: '5'

2018-08-10 18:55:31 - [MESSAGE][PASSED] - Element 'Object Repository/CommonScreenElements/Validate_InfoPopUP' is exist

2018-08-10 18:55:32 - [MESSAGE][WARNING] - Timeout '-20' is invalid. Using default page load timeout: '5'

2018-08-10 18:55:32 - [MESSAGE][PASSED] - Tapped on element 'Object Repository/CommonScreenElements/InfoPopUp_YesButton'

2018-08-10 18:55:47 - [MESSAGE][PASSED] - Delayed 15 second(s)

2018-08-10 18:55:48 - [MESSAGE][PASSED] - Element 'Object Repository/CommonScreenElements/Validate_MapScreen' is exist

2018-08-10 18:55:48 - [MESSAGE][WARNING] - Timeout '0' is invalid. Using default page load timeout: '5'

2018-08-10 18:55:48 - [MESSAGE][PASSED] - Tapped on element 'Object Repository/CommonScreenElements/Location_CheckIn'

2018-08-10 18:55:48 - [MESSAGE][WARNING] - Timeout '0' is invalid. Using default page load timeout: '5'

2018-08-10 18:55:49 - [MESSAGE][PASSED] - Element 'Object Repository/CommonScreenElements/Validate_InfoPopUP' is exist

2018-08-10 18:55:49 - [MESSAGE][WARNING] - Timeout '0' is invalid. Using default page load timeout: '5'

2018-08-10 18:55:50 - [MESSAGE][PASSED] - Tapped on element 'Object Repository/CommonScreenElements/InfoPopUp_NoButton'

2018-08-10 18:55:52 - [MESSAGE][PASSED] - Swiped from 0,292 to 0,200

2018-08-10 18:55:52 - [TEST_CASE][PASSED] - Test Cases/ShopKeeperDidNotAllow/OverwriteShopKeeperDidNotAllow: Test Cases/ShopKeeperDidNotAllow/OverwriteShopKeeperDidNotAllow

2018-08-10 18:55:52 - [TEST_STEP][PASSED] - verifyElementExist: Element 'Object Repository/ShopActions_List' is exist

2018-08-10 18:55:52 - [MESSAGE][WARNING] - Timeout '0' is invalid. Using default page load timeout: '5'

2018-08-10 18:55:53 - [MESSAGE][PASSED] - Element 'Object Repository/ShopActions_List' is exist

2018-08-10 18:55:53 - [TEST_STEP][PASSED] - tap: Tapped on element 'Object Repository/ShopKeeperDidNotAllow/ShoopKeeperDidNotAllow'

2018-08-10 18:55:53 - [MESSAGE][WARNING] - Timeout '0' is invalid. Using default page load timeout: '5'

2018-08-10 18:55:55 - [MESSAGE][PASSED] - Tapped on element 'Object Repository/ShopKeeperDidNotAllow/ShoopKeeperDidNotAllow'

2018-08-10 18:55:55 - [TEST_STEP][PASSED] - verifyElementExist: Element 'Object Repository/CommonScreenElements/Validate_CameraScreen' is exist

2018-08-10 18:55:55 - [MESSAGE][WARNING] - Timeout '0' is invalid. Using default page load timeout: '5'

2018-08-10 18:55:55 - [MESSAGE][PASSED] - Element 'Object Repository/CommonScreenElements/Validate_CameraScreen' is exist

2018-08-10 18:55:55 - [TEST_STEP][PASSED] - tap: Tapped on element 'Object Repository/CommonScreenElements/TakePictureButton'

2018-08-10 18:55:55 - [MESSAGE][WARNING] - Timeout '0' is invalid. Using default page load timeout: '5'

2018-08-10 18:55:59 - [MESSAGE][PASSED] - Tapped on element 'Object Repository/CommonScreenElements/TakePictureButton'

2018-08-10 18:55:59 - [TEST_STEP][PASSED] - delay: Delayed 5 second(s)

2018-08-10 18:56:04 - [MESSAGE][PASSED] - Delayed 5 second(s)

2018-08-10 18:56:04 - [TEST_STEP][PASSED] - tap: Tapped on element 'Object Repository/CommonScreenElements/DoneButton'

2018-08-10 18:56:04 - [MESSAGE][WARNING] - Timeout '0' is invalid. Using default page load timeout: '5'

2018-08-10 18:56:04 - [MESSAGE][PASSED] - Tapped on element 'Object Repository/CommonScreenElements/DoneButton'

2018-08-10 18:56:04 - [TEST_STEP][PASSED] - verifyElementText: Actual text and expected text of test object 'Object Repository/ShopKeeperDidNotAllow/Validate_ShopRemarksScreen' are matched.

2018-08-10 18:56:06 - [MESSAGE][PASSED] - Actual text and expected text of test object 'Object Repository/ShopKeeperDidNotAllow/Validate_ShopRemarksScreen' are matched.

2018-08-10 18:56:06 - [TEST_STEP][PASSED] - tap: Tapped on element 'Object Repository/ShopKeeperDidNotAllow/ShopRemarks_Others'

2018-08-10 18:56:06 - [MESSAGE][WARNING] - Timeout '0' is invalid. Using default page load timeout: '5'

2018-08-10 18:56:06 - [MESSAGE][PASSED] - Tapped on element 'Object Repository/ShopKeeperDidNotAllow/ShopRemarks_Others'

2018-08-10 18:56:06 - [TEST_STEP][PASSED] - tap: Tapped on element 'Object Repository/ShopKeeperDidNotAllow/ShopRemarks_BackButton'

2018-08-10 18:56:06 - [MESSAGE][WARNING] - Timeout '0' is invalid. Using default page load timeout: '5'

2018-08-10 18:56:07 - [MESSAGE][PASSED] - Tapped on element 'Object Repository/ShopKeeperDidNotAllow/ShopRemarks_BackButton'

2018-08-10 18:56:07 - [MESSAGE][PASSED] - Call Test Case 'Test Cases/ShopKeeperDidNotAllow/OverwriteShopKeeperDidNotAllow' successfully

2018-08-10 18:56:07 - [MESSAGE][WARNING] - Timeout '0' is invalid. Using default page load timeout: '5'

2018-08-10 18:56:08 - [MESSAGE][PASSED] - Element 'Object Repository/Validate_ShopListScreen' is exist

2018-08-10 18:56:08 - [MESSAGE][ERROR] - groovy.lang.MissingMethodException: No signature of method: java.lang.String.positive() is applicable for argument types: () values: []
Possible solutions: notify(), size(), tokenize(), size()]]></system-out>
         <system-err><![CDATA[2018-08-10 18:54:37 - [TEST_CASE][ERROR] - Test Cases/VisitShopScenarios/VisitShopsWithShopLevelOverwriting: Test Cases/VisitShopScenarios/VisitShopsWithShopLevelOverwriting FAILED because (of) org.codehaus.groovy.runtime.InvokerInvocationException: groovy.lang.MissingMethodException: No signature of method: java.lang.String.positive() is applicable for argument types: () values: []
Possible solutions: notify(), size(), tokenize(), size()]]></system-err>
      </testcase>
      <system-out><![CDATA[2018-08-10 18:54:14 - [TEST_SUITE][ERROR] - MMA Plus Merchandising With Shop Level Overwrite Scenarios: Test Cases/VisitShopScenarios/VisitShopsWithShopLevelOverwriting FAILED because (of) org.codehaus.groovy.runtime.InvokerInvocationException: groovy.lang.MissingMethodException: No signature of method: java.lang.String.positive() is applicable for argument types: () values: []
Possible solutions: notify(), size(), tokenize(), size()]]></system-out>
      <system-err><![CDATA[2018-08-10 18:54:14 - [TEST_SUITE][ERROR] - MMA Plus Merchandising With Shop Level Overwrite Scenarios: Test Cases/VisitShopScenarios/VisitShopsWithShopLevelOverwriting FAILED because (of) org.codehaus.groovy.runtime.InvokerInvocationException: groovy.lang.MissingMethodException: No signature of method: java.lang.String.positive() is applicable for argument types: () values: []
Possible solutions: notify(), size(), tokenize(), size()]]></system-err>
   </testsuite>
</testsuites>
