<?xml version="1.0" encoding="UTF-8" standalone="yes"?>
<testsuites name="MMA Plus Merchandising With Data Verification" time="422" tests="1" failures="0" errors="1">
    <testsuite name="MMA Plus Merchandising With Data Verification" tests="1" failures="0" errors="1" time="422" timestamp="2019-07-15 17:13:30" hostname="Fahad Shah - DESKTOP-L12UUAD" id="Test Suites/MMA Plus Merchandising/MMA Plus Merchandising With Data Verification">
        <properties>
            <property name="deviceName" value="samsung SM-J110H (Android 4.4.4)"/>
            <property name="devicePlatform" value=""/>
            <property name="logFolder" value="F:\\Git Projects\\MMAPlus\\MMAPlus\\Reports\\MMA Plus Merchandising\\MMA Plus Merchandising With Data Verification\\20190715_171322"/>
            <property name="logFiles" value="F:\\Git Projects\\MMAPlus\\MMAPlus\\Reports\\MMA Plus Merchandising\\MMA Plus Merchandising With Data Verification\\20190715_171322\\appium.log, F:\\Git Projects\\MMAPlus\\MMAPlus\\Reports\\MMA Plus Merchandising\\MMA Plus Merchandising With Data Verification\\20190715_171322\\execution0.log"/>
            <property name="attachments" value=""/>
            <property name="hostName" value="Fahad Shah - DESKTOP-L12UUAD"/>
            <property name="os" value="Windows 10 64bit"/>
            <property name="katalonVersion" value="6.1.5.3"/>
            <property name="deviceOS" value="Android"/>
            <property name="appiumVersion" value="1.8.1"/>
            <property name="deviceModel" value="SM-J110H"/>
            <property name="hostAddress" value="192.168.123.2"/>
            <property name="deviceManufacturer" value="samsung"/>
            <property name="deviceId" value="11016e423244a24a"/>
            <property name="deviceName" value="samsung SM-J110H (Android 4.4.4)"/>
            <property name="deviceOSVersion" value="4.4.4"/>
        </properties>
        <testcase name="Test Cases/LaunchingApp/LaunchApp" classname="Test Cases/LaunchingApp/LaunchApp" status="PASSED">
            <system-out>2019-07-15 17:13:31 - [TEST_CASE][PASSED] - Test Cases/LaunchingApp/LaunchApp: Test Cases/LaunchingApp/LaunchApp&#xD;
&#xD;
2019-07-15 17:13:32 - [TEST_STEP][PASSED] - startApplication("F:\QA_Automation\Builds\MMA Plus\mmaplus_expired_product_module_080719_local.apk", false): Started app at: 'F:\QA_Automation\Builds\MMA Plus\mmaplus_expired_product_module_080719_local.apk'&#xD;
&#xD;
2019-07-15 17:13:33 - [MESSAGE][INFO] - User set preference: ['deviceId', '']&#xD;
&#xD;
2019-07-15 17:13:37 - [MESSAGE][INFO] - Appium server started on port 51,560&#xD;
&#xD;
2019-07-15 17:13:50 - [MESSAGE][PASSED] - Started app at: 'F:\QA_Automation\Builds\MMA Plus\mmaplus_expired_product_module_080719_local.apk'&#xD;
&#xD;
2019-07-15 17:13:50 - [TEST_STEP][PASSED] - delay(5): Delayed 5 second(s)&#xD;
&#xD;
2019-07-15 17:13:55 - [MESSAGE][PASSED] - Delayed 5 second(s)</system-out>
            <system-err></system-err>
        </testcase>
        <testcase name="Test Cases/MerchandisingShopScenarios/VisitShopsWithDataVerification" classname="Test Cases/MerchandisingShopScenarios/VisitShopsWithDataVerification" status="ERROR">
            <error type="ERROR" message="Test Cases/MerchandisingShopScenarios/VisitShopsWithDataVerification FAILED.&#xA;Reason:&#xA;java.lang.NullPointerException: Cannot invoke method size() on null object&#xD;&#xA;&#x9;at java_util_List$size$0.call(Unknown Source)&#xD;&#xA;&#x9;at qa.keywords.DisplayReportKeywords.displayDataInReport(DisplayReportKeywords.groovy:190)&#xD;&#xA;&#x9;at qa.keywords.DisplayReportKeywords$displayDataInReport.call(Unknown Source)&#xD;&#xA;&#x9;at qa.keywords.ShopVisitingScenariosKeywords.visitShopWith_DataVerification(ShopVisitingScenariosKeywords.groovy:387)&#xD;&#xA;&#x9;at qa.keywords.ShopVisitingScenariosKeywords.invokeMethod(ShopVisitingScenariosKeywords.groovy)&#xD;&#xA;&#x9;at com.kms.katalon.core.main.CustomKeywordDelegatingMetaClass.invokeStaticMethod(CustomKeywordDelegatingMetaClass.java:50)&#xD;&#xA;&#x9;at VisitShopsWithDataVerification.run(VisitShopsWithDataVerification:39)&#xD;&#xA;&#x9;at com.kms.katalon.core.main.ScriptEngine.run(ScriptEngine.java:194)&#xD;&#xA;&#x9;at com.kms.katalon.core.main.ScriptEngine.runScriptAsRawText(ScriptEngine.java:119)&#xD;&#xA;&#x9;at com.kms.katalon.core.main.TestCaseExecutor.runScript(TestCaseExecutor.java:337)&#xD;&#xA;&#x9;at com.kms.katalon.core.main.TestCaseExecutor.doExecute(TestCaseExecutor.java:328)&#xD;&#xA;&#x9;at com.kms.katalon.core.main.TestCaseExecutor.processExecutionPhase(TestCaseExecutor.java:307)&#xD;&#xA;&#x9;at com.kms.katalon.core.main.TestCaseExecutor.accessMainPhase(TestCaseExecutor.java:299)&#xD;&#xA;&#x9;at com.kms.katalon.core.main.TestCaseExecutor.execute(TestCaseExecutor.java:233)&#xD;&#xA;&#x9;at com.kms.katalon.core.main.TestSuiteExecutor.accessTestCaseMainPhase(TestSuiteExecutor.java:133)&#xD;&#xA;&#x9;at com.kms.katalon.core.main.TestSuiteExecutor.accessTestSuiteMainPhase(TestSuiteExecutor.java:116)&#xD;&#xA;&#x9;at com.kms.katalon.core.main.TestSuiteExecutor.execute(TestSuiteExecutor.java:83)&#xD;&#xA;&#x9;at com.kms.katalon.core.main.TestCaseMain.startTestSuite(TestCaseMain.java:157)&#xD;&#xA;&#x9;at com.kms.katalon.core.main.TestCaseMain$startTestSuite$0.call(Unknown Source)&#xD;&#xA;&#x9;at TempTestSuite1563192806740.run(TempTestSuite1563192806740.groovy:35)&#xD;&#xA;"/>
            <system-out>2019-07-15 17:13:55 - [TEST_CASE][ERROR] - Test Cases/MerchandisingShopScenarios/VisitShopsWithDataVerification: Test Cases/MerchandisingShopScenarios/VisitShopsWithDataVerification FAILED.
Reason:
java.lang.NullPointerException: Cannot invoke method size() on null object&#xD;
	at java_util_List$size$0.call(Unknown Source)&#xD;
	at qa.keywords.DisplayReportKeywords.displayDataInReport(DisplayReportKeywords.groovy:190)&#xD;
	at qa.keywords.DisplayReportKeywords$displayDataInReport.call(Unknown Source)&#xD;
	at qa.keywords.ShopVisitingScenariosKeywords.visitShopWith_DataVerification(ShopVisitingScenariosKeywords.groovy:387)&#xD;
	at qa.keywords.ShopVisitingScenariosKeywords.invokeMethod(ShopVisitingScenariosKeywords.groovy)&#xD;
	at com.kms.katalon.core.main.CustomKeywordDelegatingMetaClass.invokeStaticMethod(CustomKeywordDelegatingMetaClass.java:50)&#xD;
	at VisitShopsWithDataVerification.run(VisitShopsWithDataVerification:39)&#xD;
	at com.kms.katalon.core.main.ScriptEngine.run(ScriptEngine.java:194)&#xD;
	at com.kms.katalon.core.main.ScriptEngine.runScriptAsRawText(ScriptEngine.java:119)&#xD;
	at com.kms.katalon.core.main.TestCaseExecutor.runScript(TestCaseExecutor.java:337)&#xD;
	at com.kms.katalon.core.main.TestCaseExecutor.doExecute(TestCaseExecutor.java:328)&#xD;
	at com.kms.katalon.core.main.TestCaseExecutor.processExecutionPhase(TestCaseExecutor.java:307)&#xD;
	at com.kms.katalon.core.main.TestCaseExecutor.accessMainPhase(TestCaseExecutor.java:299)&#xD;
	at com.kms.katalon.core.main.TestCaseExecutor.execute(TestCaseExecutor.java:233)&#xD;
	at com.kms.katalon.core.main.TestSuiteExecutor.accessTestCaseMainPhase(TestSuiteExecutor.java:133)&#xD;
	at com.kms.katalon.core.main.TestSuiteExecutor.accessTestSuiteMainPhase(TestSuiteExecutor.java:116)&#xD;
	at com.kms.katalon.core.main.TestSuiteExecutor.execute(TestSuiteExecutor.java:83)&#xD;
	at com.kms.katalon.core.main.TestCaseMain.startTestSuite(TestCaseMain.java:157)&#xD;
	at com.kms.katalon.core.main.TestCaseMain$startTestSuite$0.call(Unknown Source)&#xD;
	at TempTestSuite1563192806740.run(TempTestSuite1563192806740.groovy:35)&#xD;
&#xD;
&#xD;
2019-07-15 17:13:56 - [TEST_STEP][PASSED] - verifyElementText(findTestObject("DashboardScreenElements/Validate_DashboardScreen", ["package":PACKAGENAME]), "Dashboard"): Actual text and expected text of test object 'Object Repository/DashboardScreenElements/Validate_DashboardScreen' are matched.&#xD;
&#xD;
2019-07-15 17:14:05 - [MESSAGE][PASSED] - Actual text and expected text of test object 'Object Repository/DashboardScreenElements/Validate_DashboardScreen' are matched.&#xD;
&#xD;
2019-07-15 17:14:05 - [TEST_STEP][PASSED] - qa.keywords.CommonKeywords.selectday(): qa.keywords.CommonKeywords.selectday is PASSED&#xD;
&#xD;
2019-07-15 17:14:05 - [MESSAGE][WARNING] - Timeout '0' is invalid. Using default page load timeout: '6'&#xD;
&#xD;
2019-07-15 17:14:06 - [MESSAGE][PASSED] - Tapped on element 'Object Repository/DashboardScreenElements/DaysDropdownMenu'&#xD;
&#xD;
2019-07-15 17:14:06 - [MESSAGE][WARNING] - Timeout '0' is invalid. Using default page load timeout: '6'&#xD;
&#xD;
2019-07-15 17:14:06 - [MESSAGE][PASSED] - Element 'Object Repository/DashboardScreenElements/Validate_DaysListScreen' is exist&#xD;
&#xD;
2019-07-15 17:14:08 - [MESSAGE][PASSED] - qa.keywords.CommonKeywords.selectday is PASSED&#xD;
&#xD;
2019-07-15 17:14:08 - [TEST_STEP][PASSED] - tap(findTestObject("DashboardScreenElements/StartYourDay", ["package":PACKAGENAME]), 0): Tapped on element 'Object Repository/DashboardScreenElements/StartYourDay'&#xD;
&#xD;
2019-07-15 17:14:08 - [MESSAGE][WARNING] - Timeout '0' is invalid. Using default page load timeout: '6'&#xD;
&#xD;
2019-07-15 17:14:09 - [MESSAGE][PASSED] - Tapped on element 'Object Repository/DashboardScreenElements/StartYourDay'&#xD;
&#xD;
2019-07-15 17:14:09 - [TEST_STEP][PASSED] - verifyElementText(findTestObject("Validate_ShopListScreen", ["package":PACKAGENAME]), "Shops on Route"): Actual text and expected text of test object 'Object Repository/Validate_ShopListScreen' are matched.&#xD;
&#xD;
2019-07-15 17:14:11 - [MESSAGE][PASSED] - Actual text and expected text of test object 'Object Repository/Validate_ShopListScreen' are matched.&#xD;
&#xD;
2019-07-15 17:14:11 - [TEST_STEP][ERROR] - qa.keywords.ShopVisitingScenariosKeywords.visitShopWith_DataVerification(): Cannot invoke method size() on null object&#xD;
&#xD;
2019-07-15 17:14:15 - [MESSAGE][PASSED] - Actual text and expected text of test object 'Object Repository/Validate_ShopOptionsScreen' are matched.&#xD;
&#xD;
2019-07-15 17:14:17 - [MESSAGE][WARNING] - Timeout '0' is invalid. Using default page load timeout: '6'&#xD;
&#xD;
2019-07-15 17:14:19 - [MESSAGE][PASSED] - Tapped on element 'Object Repository/StartWorking'&#xD;
&#xD;
2019-07-15 17:14:34 - [MESSAGE][PASSED] - Delayed 15 second(s)&#xD;
&#xD;
2019-07-15 17:14:34 - [MESSAGE][PASSED] - Element 'Object Repository/CommonScreenElements/Validate_MapScreen' is exist&#xD;
&#xD;
2019-07-15 17:14:34 - [MESSAGE][WARNING] - Timeout '0' is invalid. Using default page load timeout: '6'&#xD;
&#xD;
2019-07-15 17:14:35 - [MESSAGE][PASSED] - Tapped on element 'Object Repository/CommonScreenElements/Location_CheckIn'&#xD;
&#xD;
2019-07-15 17:14:35 - [MESSAGE][WARNING] - Timeout '0' is invalid. Using default page load timeout: '6'&#xD;
&#xD;
2019-07-15 17:14:35 - [MESSAGE][PASSED] - Element 'Object Repository/CommonScreenElements/Validate_InfoPopUP' is exist&#xD;
&#xD;
2019-07-15 17:14:35 - [MESSAGE][WARNING] - Timeout '0' is invalid. Using default page load timeout: '6'&#xD;
&#xD;
2019-07-15 17:14:36 - [MESSAGE][PASSED] - Tapped on element 'Object Repository/CommonScreenElements/InfoPopUp_NoButton'&#xD;
&#xD;
2019-07-15 17:14:38 - [TEST_CASE][PASSED] - Test Cases/ShopOpen/VisitShopOpen: Test Cases/ShopOpen/VisitShopOpen&#xD;
&#xD;
2019-07-15 17:14:38 - [TEST_STEP][PASSED] - verifyElementExist(findTestObject("ShopActions_List", ["package":PACKAGENAME]), 0): Element 'Object Repository/ShopActions_List' is exist&#xD;
&#xD;
2019-07-15 17:14:38 - [MESSAGE][WARNING] - Timeout '0' is invalid. Using default page load timeout: '6'&#xD;
&#xD;
2019-07-15 17:14:38 - [MESSAGE][PASSED] - Element 'Object Repository/ShopActions_List' is exist&#xD;
&#xD;
2019-07-15 17:14:38 - [TEST_STEP][PASSED] - tap(findTestObject("ShopOpen/ShopOpen", ["package":PACKAGENAME]), 0): Tapped on element 'Object Repository/ShopOpen/ShopOpen'&#xD;
&#xD;
2019-07-15 17:14:38 - [MESSAGE][WARNING] - Timeout '0' is invalid. Using default page load timeout: '6'&#xD;
&#xD;
2019-07-15 17:14:41 - [MESSAGE][PASSED] - Tapped on element 'Object Repository/ShopOpen/ShopOpen'&#xD;
&#xD;
2019-07-15 17:14:41 - [TEST_STEP][PASSED] - qa.keywords.CommonKeywords.takePicture(): qa.keywords.CommonKeywords.takePicture is PASSED&#xD;
&#xD;
2019-07-15 17:14:41 - [MESSAGE][WARNING] - Timeout '0' is invalid. Using default page load timeout: '6'&#xD;
&#xD;
2019-07-15 17:14:42 - [MESSAGE][PASSED] - Element 'Object Repository/CommonScreenElements/Validate_CameraScreen' is exist&#xD;
&#xD;
2019-07-15 17:14:42 - [MESSAGE][WARNING] - Timeout '0' is invalid. Using default page load timeout: '6'&#xD;
&#xD;
2019-07-15 17:14:44 - [MESSAGE][PASSED] - Tapped on element 'Object Repository/CommonScreenElements/Camera_TakePictureButton'&#xD;
&#xD;
2019-07-15 17:14:49 - [MESSAGE][PASSED] - Delayed 5 second(s)&#xD;
&#xD;
2019-07-15 17:14:49 - [MESSAGE][WARNING] - Timeout '0' is invalid. Using default page load timeout: '6'&#xD;
&#xD;
2019-07-15 17:14:51 - [MESSAGE][PASSED] - Tapped on element 'Object Repository/CommonScreenElements/Camera_DoneButton'&#xD;
&#xD;
2019-07-15 17:14:51 - [MESSAGE][PASSED] - qa.keywords.CommonKeywords.takePicture is PASSED&#xD;
&#xD;
2019-07-15 17:14:51 - [MESSAGE][PASSED] - Call Test Case 'Test Cases/ShopOpen/VisitShopOpen' successfully&#xD;
&#xD;
2019-07-15 17:14:51 - [TEST_CASE][PASSED] - Test Cases/ShopOpen/VisitCategoryScenarios/VisitShopCategoriesWithDataVerification: Test Cases/ShopOpen/VisitCategoryScenarios/VisitShopCategoriesWithDataVerification&#xD;
&#xD;
2019-07-15 17:14:51 - [TEST_STEP][PASSED] - verifyElementExist(findTestObject("ShopOpen/Validate_ShopCategoriesListScreen", ["package":PACKAGENAME]), 0): Element 'Object Repository/ShopOpen/Validate_ShopCategoriesListScreen' is exist&#xD;
&#xD;
2019-07-15 17:14:51 - [MESSAGE][WARNING] - Timeout '0' is invalid. Using default page load timeout: '6'&#xD;
&#xD;
2019-07-15 17:14:52 - [MESSAGE][PASSED] - Element 'Object Repository/ShopOpen/Validate_ShopCategoriesListScreen' is exist&#xD;
&#xD;
2019-07-15 17:14:52 - [TEST_STEP][PASSED] - qa.keywords.CategoryVisitingScenariosKeywords.visitShopCategoriesWithDataVerification(): qa.keywords.CategoryVisitingScenariosKeywords.visitShopCategoriesWithDataVerification is PASSED&#xD;
&#xD;
2019-07-15 17:14:53 - [MESSAGE][PASSED] - Swiped from 0,200 to 0,750&#xD;
&#xD;
2019-07-15 17:14:53 - [MESSAGE][PASSED] - Swiped from 0,200 to 0,750&#xD;
&#xD;
2019-07-15 17:15:00 - [TEST_CASE][PASSED] - Test Cases/ShopOpen/ExpiryIssue/VisitExpiryIssue: Test Cases/ShopOpen/ExpiryIssue/VisitExpiryIssue&#xD;
&#xD;
2019-07-15 17:15:00 - [TEST_STEP][PASSED] - verifyElementText(findTestObject("ShopOpen/ExpiryIssue/Validate_ExpiredCategoryScreen", ["package":PACKAGENAME]), "Expire Category"): Actual text and expected text of test object 'Object Repository/ShopOpen/ExpiryIssue/Validate_ExpiredCategoryScreen' are matched.&#xD;
&#xD;
2019-07-15 17:15:01 - [MESSAGE][PASSED] - Actual text and expected text of test object 'Object Repository/ShopOpen/ExpiryIssue/Validate_ExpiredCategoryScreen' are matched.&#xD;
&#xD;
2019-07-15 17:15:01 - [TEST_STEP][PASSED] - qa.keywords.ExpiryIssue.visitExpiryIssueRemark(): qa.keywords.ExpiryIssue.visitExpiryIssueRemark is PASSED&#xD;
&#xD;
2019-07-15 17:15:02 - [TEST_CASE][PASSED] - Test Cases/ShopOpen/ExpiryIssue/VisitProductCategory: Test Cases/ShopOpen/ExpiryIssue/VisitProductCategory&#xD;
&#xD;
2019-07-15 17:15:02 - [TEST_STEP][PASSED] - verifyElementText(findTestObject("ShopOpen/ExpiryIssue/Validate_ProductCategoryScreen", ["package":PACKAGENAME]), "Expire CATEGORY"): Actual text and expected text of test object 'Object Repository/ShopOpen/ExpiryIssue/Validate_ProductCategoryScreen' are matched.&#xD;
&#xD;
2019-07-15 17:15:04 - [MESSAGE][PASSED] - Actual text and expected text of test object 'Object Repository/ShopOpen/ExpiryIssue/Validate_ProductCategoryScreen' are matched.&#xD;
&#xD;
2019-07-15 17:15:04 - [TEST_STEP][PASSED] - qa.keywords.ExpiryIssue.validateProductCategory(): qa.keywords.ExpiryIssue.validateProductCategory is PASSED&#xD;
&#xD;
2019-07-15 17:15:17 - [MESSAGE][PASSED] - qa.keywords.ExpiryIssue.validateProductCategory is PASSED&#xD;
&#xD;
2019-07-15 17:15:17 - [TEST_STEP][PASSED] - swipe(0, 200, 0, 500): Swiped from 0,200 to 0,500&#xD;
&#xD;
2019-07-15 17:15:17 - [MESSAGE][PASSED] - Swiped from 0,200 to 0,500&#xD;
&#xD;
2019-07-15 17:15:17 - [TEST_STEP][PASSED] - swipe(0, 200, 0, 500): Swiped from 0,200 to 0,500&#xD;
&#xD;
2019-07-15 17:15:17 - [MESSAGE][PASSED] - Swiped from 0,200 to 0,500&#xD;
&#xD;
2019-07-15 17:15:17 - [TEST_STEP][PASSED] - qa.keywords.ExpiryIssue.visitProductCategories(): qa.keywords.ExpiryIssue.visitProductCategories is PASSED&#xD;
&#xD;
2019-07-15 17:15:19 - [TEST_CASE][PASSED] - Test Cases/ShopOpen/ExpiryIssue/ExpiredProduct/VisitProduct: Test Cases/ShopOpen/ExpiryIssue/ExpiredProduct/VisitProduct&#xD;
&#xD;
2019-07-15 17:15:20 - [TEST_STEP][PASSED] - verifyElementText(findTestObject("ShopOpen/ExpiryIssue/ExpiredProduct/Validate_ExpiredProductScreen", ["package":PACKAGENAME]), "Expire Product List"): Actual text and expected text of test object 'Object Repository/ShopOpen/ExpiryIssue/ExpiredProduct/Validate_ExpiredProductScreen' are matched.&#xD;
&#xD;
2019-07-15 17:15:21 - [MESSAGE][PASSED] - Actual text and expected text of test object 'Object Repository/ShopOpen/ExpiryIssue/ExpiredProduct/Validate_ExpiredProductScreen' are matched.&#xD;
&#xD;
2019-07-15 17:15:21 - [TEST_STEP][PASSED] - qa.keywords.ExpiryIssue.validateProducts(): qa.keywords.ExpiryIssue.validateProducts is PASSED&#xD;
&#xD;
2019-07-15 17:15:26 - [MESSAGE][PASSED] - qa.keywords.ExpiryIssue.validateProducts is PASSED&#xD;
&#xD;
2019-07-15 17:15:26 - [TEST_STEP][PASSED] - swipe(0, 200, 0, 500): Swiped from 0,200 to 0,500&#xD;
&#xD;
2019-07-15 17:15:27 - [MESSAGE][PASSED] - Swiped from 0,200 to 0,500&#xD;
&#xD;
2019-07-15 17:15:27 - [TEST_STEP][PASSED] - swipe(0, 200, 0, 500): Swiped from 0,200 to 0,500&#xD;
&#xD;
2019-07-15 17:15:27 - [MESSAGE][PASSED] - Swiped from 0,200 to 0,500&#xD;
&#xD;
2019-07-15 17:15:27 - [TEST_STEP][PASSED] - qa.keywords.ExpiryIssue.visitExpiredProducts(CHANNEL_EXPIREDPRODUCT): qa.keywords.ExpiryIssue.visitExpiredProducts is PASSED&#xD;
&#xD;
2019-07-15 17:15:30 - [MESSAGE][WARNING] - Timeout '0' is invalid. Using default page load timeout: '6'&#xD;
&#xD;
2019-07-15 17:15:31 - [MESSAGE][PASSED] - Element 'Object Repository/ShopOpen/ExpiryIssue/ExpiredProduct/Validate_QuantityPopup' is exist&#xD;
&#xD;
2019-07-15 17:15:36 - [MESSAGE][PASSED] - Keyboard is hidden&#xD;
&#xD;
2019-07-15 17:15:36 - [MESSAGE][WARNING] - Timeout '0' is invalid. Using default page load timeout: '6'&#xD;
&#xD;
2019-07-15 17:15:37 - [MESSAGE][PASSED] - Tapped on element 'Object Repository/ShopOpen/ExpiryIssue/ExpiredProduct/QuantityPopupSubmitButton'&#xD;
&#xD;
2019-07-15 17:15:38 - [MESSAGE][PASSED] - Actual text and expected text of test object 'Object Repository/ShopOpen/ExpiryIssue/ExpiredProduct/Validate_ExpiredProductScreen' are matched.&#xD;
&#xD;
2019-07-15 17:15:38 - [MESSAGE][WARNING] - Timeout '0' is invalid. Using default page load timeout: '6'&#xD;
&#xD;
2019-07-15 17:15:39 - [MESSAGE][PASSED] - Element 'Object Repository/ShopOpen/ExpiryIssue/ExpiredProduct/Validate_QuantityPopup' is exist&#xD;
&#xD;
2019-07-15 17:15:45 - [MESSAGE][PASSED] - Keyboard is hidden&#xD;
&#xD;
2019-07-15 17:15:45 - [MESSAGE][WARNING] - Timeout '0' is invalid. Using default page load timeout: '6'&#xD;
&#xD;
2019-07-15 17:15:45 - [MESSAGE][PASSED] - Tapped on element 'Object Repository/ShopOpen/ExpiryIssue/ExpiredProduct/QuantityPopupSubmitButton'&#xD;
&#xD;
2019-07-15 17:15:46 - [MESSAGE][PASSED] - Actual text and expected text of test object 'Object Repository/ShopOpen/ExpiryIssue/ExpiredProduct/Validate_ExpiredProductScreen' are matched.&#xD;
&#xD;
2019-07-15 17:15:47 - [MESSAGE][WARNING] - Timeout '0' is invalid. Using default page load timeout: '6'&#xD;
&#xD;
2019-07-15 17:15:48 - [MESSAGE][PASSED] - Element 'Object Repository/ShopOpen/ExpiryIssue/ExpiredProduct/Validate_QuantityPopup' is exist&#xD;
&#xD;
2019-07-15 17:15:53 - [MESSAGE][PASSED] - Keyboard is hidden&#xD;
&#xD;
2019-07-15 17:15:53 - [MESSAGE][WARNING] - Timeout '0' is invalid. Using default page load timeout: '6'&#xD;
&#xD;
2019-07-15 17:15:54 - [MESSAGE][PASSED] - Tapped on element 'Object Repository/ShopOpen/ExpiryIssue/ExpiredProduct/QuantityPopupSubmitButton'&#xD;
&#xD;
2019-07-15 17:15:55 - [MESSAGE][PASSED] - Actual text and expected text of test object 'Object Repository/ShopOpen/ExpiryIssue/ExpiredProduct/Validate_ExpiredProductScreen' are matched.&#xD;
&#xD;
2019-07-15 17:15:56 - [MESSAGE][WARNING] - Timeout '0' is invalid. Using default page load timeout: '6'&#xD;
&#xD;
2019-07-15 17:15:57 - [MESSAGE][PASSED] - Element 'Object Repository/ShopOpen/ExpiryIssue/ExpiredProduct/Validate_QuantityPopup' is exist&#xD;
&#xD;
2019-07-15 17:16:02 - [MESSAGE][PASSED] - Keyboard is hidden&#xD;
&#xD;
2019-07-15 17:16:02 - [MESSAGE][WARNING] - Timeout '0' is invalid. Using default page load timeout: '6'&#xD;
&#xD;
2019-07-15 17:16:03 - [MESSAGE][PASSED] - Tapped on element 'Object Repository/ShopOpen/ExpiryIssue/ExpiredProduct/QuantityPopupSubmitButton'&#xD;
&#xD;
2019-07-15 17:16:04 - [MESSAGE][PASSED] - Actual text and expected text of test object 'Object Repository/ShopOpen/ExpiryIssue/ExpiredProduct/Validate_ExpiredProductScreen' are matched.&#xD;
&#xD;
2019-07-15 17:16:05 - [MESSAGE][WARNING] - Timeout '0' is invalid. Using default page load timeout: '6'&#xD;
&#xD;
2019-07-15 17:16:06 - [MESSAGE][PASSED] - Element 'Object Repository/ShopOpen/ExpiryIssue/ExpiredProduct/Validate_QuantityPopup' is exist&#xD;
&#xD;
2019-07-15 17:16:11 - [MESSAGE][PASSED] - Keyboard is hidden&#xD;
&#xD;
2019-07-15 17:16:11 - [MESSAGE][WARNING] - Timeout '0' is invalid. Using default page load timeout: '6'&#xD;
&#xD;
2019-07-15 17:16:12 - [MESSAGE][PASSED] - Tapped on element 'Object Repository/ShopOpen/ExpiryIssue/ExpiredProduct/QuantityPopupSubmitButton'&#xD;
&#xD;
2019-07-15 17:16:12 - [MESSAGE][PASSED] - Actual text and expected text of test object 'Object Repository/ShopOpen/ExpiryIssue/ExpiredProduct/Validate_ExpiredProductScreen' are matched.&#xD;
&#xD;
2019-07-15 17:16:13 - [MESSAGE][WARNING] - Timeout '0' is invalid. Using default page load timeout: '6'&#xD;
&#xD;
2019-07-15 17:16:14 - [MESSAGE][PASSED] - Element 'Object Repository/ShopOpen/ExpiryIssue/ExpiredProduct/Validate_QuantityPopup' is exist&#xD;
&#xD;
2019-07-15 17:16:20 - [MESSAGE][PASSED] - Keyboard is hidden&#xD;
&#xD;
2019-07-15 17:16:20 - [MESSAGE][WARNING] - Timeout '0' is invalid. Using default page load timeout: '6'&#xD;
&#xD;
2019-07-15 17:16:20 - [MESSAGE][PASSED] - Tapped on element 'Object Repository/ShopOpen/ExpiryIssue/ExpiredProduct/QuantityPopupSubmitButton'&#xD;
&#xD;
2019-07-15 17:16:21 - [MESSAGE][PASSED] - Actual text and expected text of test object 'Object Repository/ShopOpen/ExpiryIssue/ExpiredProduct/Validate_ExpiredProductScreen' are matched.&#xD;
&#xD;
2019-07-15 17:16:21 - [MESSAGE][PASSED] - qa.keywords.ExpiryIssue.visitExpiredProducts is PASSED&#xD;
&#xD;
2019-07-15 17:16:21 - [TEST_STEP][PASSED] - tap(findTestObject("ShopOpen/ExpiryIssue/ExpiredProduct/ProceedButton", ["package":PACKAGENAME]), 0): Tapped on element 'Object Repository/ShopOpen/ExpiryIssue/ExpiredProduct/ProceedButton'&#xD;
&#xD;
2019-07-15 17:16:21 - [MESSAGE][WARNING] - Timeout '0' is invalid. Using default page load timeout: '6'&#xD;
&#xD;
2019-07-15 17:16:22 - [MESSAGE][PASSED] - Tapped on element 'Object Repository/ShopOpen/ExpiryIssue/ExpiredProduct/ProceedButton'&#xD;
&#xD;
2019-07-15 17:16:22 - [MESSAGE][PASSED] - Call Test Case 'Test Cases/ShopOpen/ExpiryIssue/ExpiredProduct/VisitProduct' successfully&#xD;
&#xD;
2019-07-15 17:16:23 - [MESSAGE][PASSED] - Actual text and expected text of test object 'Object Repository/ShopOpen/ExpiryIssue/Validate_ProductCategoryScreen' are matched.&#xD;
&#xD;
2019-07-15 17:16:24 - [TEST_CASE][PASSED] - Test Cases/ShopOpen/ExpiryIssue/ExpiredProduct/VisitProduct: Test Cases/ShopOpen/ExpiryIssue/ExpiredProduct/VisitProduct&#xD;
&#xD;
2019-07-15 17:16:24 - [TEST_STEP][PASSED] - verifyElementText(findTestObject("ShopOpen/ExpiryIssue/ExpiredProduct/Validate_ExpiredProductScreen", ["package":PACKAGENAME]), "Expire Product List"): Actual text and expected text of test object 'Object Repository/ShopOpen/ExpiryIssue/ExpiredProduct/Validate_ExpiredProductScreen' are matched.&#xD;
&#xD;
2019-07-15 17:16:25 - [MESSAGE][PASSED] - Actual text and expected text of test object 'Object Repository/ShopOpen/ExpiryIssue/ExpiredProduct/Validate_ExpiredProductScreen' are matched.&#xD;
&#xD;
2019-07-15 17:16:25 - [TEST_STEP][PASSED] - qa.keywords.ExpiryIssue.validateProducts(): qa.keywords.ExpiryIssue.validateProducts is PASSED&#xD;
&#xD;
2019-07-15 17:16:30 - [MESSAGE][PASSED] - qa.keywords.ExpiryIssue.validateProducts is PASSED&#xD;
&#xD;
2019-07-15 17:16:30 - [TEST_STEP][PASSED] - swipe(0, 200, 0, 500): Swiped from 0,200 to 0,500&#xD;
&#xD;
2019-07-15 17:16:31 - [MESSAGE][PASSED] - Swiped from 0,200 to 0,500&#xD;
&#xD;
2019-07-15 17:16:31 - [TEST_STEP][PASSED] - swipe(0, 200, 0, 500): Swiped from 0,200 to 0,500&#xD;
&#xD;
2019-07-15 17:16:31 - [MESSAGE][PASSED] - Swiped from 0,200 to 0,500&#xD;
&#xD;
2019-07-15 17:16:31 - [TEST_STEP][PASSED] - qa.keywords.ExpiryIssue.visitExpiredProducts(CHANNEL_EXPIREDPRODUCT): qa.keywords.ExpiryIssue.visitExpiredProducts is PASSED&#xD;
&#xD;
2019-07-15 17:16:32 - [MESSAGE][WARNING] - Timeout '0' is invalid. Using default page load timeout: '6'&#xD;
&#xD;
2019-07-15 17:16:33 - [MESSAGE][PASSED] - Element 'Object Repository/ShopOpen/ExpiryIssue/ExpiredProduct/Validate_QuantityPopup' is exist&#xD;
&#xD;
2019-07-15 17:16:39 - [MESSAGE][PASSED] - Keyboard is hidden&#xD;
&#xD;
2019-07-15 17:16:39 - [MESSAGE][WARNING] - Timeout '0' is invalid. Using default page load timeout: '6'&#xD;
&#xD;
2019-07-15 17:16:39 - [MESSAGE][PASSED] - Tapped on element 'Object Repository/ShopOpen/ExpiryIssue/ExpiredProduct/QuantityPopupSubmitButton'&#xD;
&#xD;
2019-07-15 17:16:40 - [MESSAGE][PASSED] - Actual text and expected text of test object 'Object Repository/ShopOpen/ExpiryIssue/ExpiredProduct/Validate_ExpiredProductScreen' are matched.&#xD;
&#xD;
2019-07-15 17:16:41 - [MESSAGE][WARNING] - Timeout '0' is invalid. Using default page load timeout: '6'&#xD;
&#xD;
2019-07-15 17:16:42 - [MESSAGE][PASSED] - Element 'Object Repository/ShopOpen/ExpiryIssue/ExpiredProduct/Validate_QuantityPopup' is exist&#xD;
&#xD;
2019-07-15 17:16:47 - [MESSAGE][PASSED] - Keyboard is hidden&#xD;
&#xD;
2019-07-15 17:16:47 - [MESSAGE][WARNING] - Timeout '0' is invalid. Using default page load timeout: '6'&#xD;
&#xD;
2019-07-15 17:16:48 - [MESSAGE][PASSED] - Tapped on element 'Object Repository/ShopOpen/ExpiryIssue/ExpiredProduct/QuantityPopupSubmitButton'&#xD;
&#xD;
2019-07-15 17:16:49 - [MESSAGE][PASSED] - Actual text and expected text of test object 'Object Repository/ShopOpen/ExpiryIssue/ExpiredProduct/Validate_ExpiredProductScreen' are matched.&#xD;
&#xD;
2019-07-15 17:16:50 - [MESSAGE][WARNING] - Timeout '0' is invalid. Using default page load timeout: '6'&#xD;
&#xD;
2019-07-15 17:16:51 - [MESSAGE][PASSED] - Element 'Object Repository/ShopOpen/ExpiryIssue/ExpiredProduct/Validate_QuantityPopup' is exist&#xD;
&#xD;
2019-07-15 17:16:56 - [MESSAGE][PASSED] - Keyboard is hidden&#xD;
&#xD;
2019-07-15 17:16:56 - [MESSAGE][WARNING] - Timeout '0' is invalid. Using default page load timeout: '6'&#xD;
&#xD;
2019-07-15 17:16:57 - [MESSAGE][PASSED] - Tapped on element 'Object Repository/ShopOpen/ExpiryIssue/ExpiredProduct/QuantityPopupSubmitButton'&#xD;
&#xD;
2019-07-15 17:16:58 - [MESSAGE][PASSED] - Actual text and expected text of test object 'Object Repository/ShopOpen/ExpiryIssue/ExpiredProduct/Validate_ExpiredProductScreen' are matched.&#xD;
&#xD;
2019-07-15 17:16:58 - [MESSAGE][PASSED] - qa.keywords.ExpiryIssue.visitExpiredProducts is PASSED&#xD;
&#xD;
2019-07-15 17:16:58 - [TEST_STEP][PASSED] - tap(findTestObject("ShopOpen/ExpiryIssue/ExpiredProduct/ProceedButton", ["package":PACKAGENAME]), 0): Tapped on element 'Object Repository/ShopOpen/ExpiryIssue/ExpiredProduct/ProceedButton'&#xD;
&#xD;
2019-07-15 17:16:58 - [MESSAGE][WARNING] - Timeout '0' is invalid. Using default page load timeout: '6'&#xD;
&#xD;
2019-07-15 17:16:59 - [MESSAGE][PASSED] - Tapped on element 'Object Repository/ShopOpen/ExpiryIssue/ExpiredProduct/ProceedButton'&#xD;
&#xD;
2019-07-15 17:16:59 - [MESSAGE][PASSED] - Call Test Case 'Test Cases/ShopOpen/ExpiryIssue/ExpiredProduct/VisitProduct' successfully&#xD;
&#xD;
2019-07-15 17:17:00 - [MESSAGE][PASSED] - Actual text and expected text of test object 'Object Repository/ShopOpen/ExpiryIssue/Validate_ProductCategoryScreen' are matched.&#xD;
&#xD;
2019-07-15 17:17:01 - [TEST_CASE][PASSED] - Test Cases/ShopOpen/ExpiryIssue/ExpiredProduct/VisitProduct: Test Cases/ShopOpen/ExpiryIssue/ExpiredProduct/VisitProduct&#xD;
&#xD;
2019-07-15 17:17:01 - [TEST_STEP][PASSED] - verifyElementText(findTestObject("ShopOpen/ExpiryIssue/ExpiredProduct/Validate_ExpiredProductScreen", ["package":PACKAGENAME]), "Expire Product List"): Actual text and expected text of test object 'Object Repository/ShopOpen/ExpiryIssue/ExpiredProduct/Validate_ExpiredProductScreen' are matched.&#xD;
&#xD;
2019-07-15 17:17:03 - [MESSAGE][PASSED] - Actual text and expected text of test object 'Object Repository/ShopOpen/ExpiryIssue/ExpiredProduct/Validate_ExpiredProductScreen' are matched.&#xD;
&#xD;
2019-07-15 17:17:03 - [TEST_STEP][PASSED] - qa.keywords.ExpiryIssue.validateProducts(): qa.keywords.ExpiryIssue.validateProducts is PASSED&#xD;
&#xD;
2019-07-15 17:17:04 - [MESSAGE][PASSED] - qa.keywords.ExpiryIssue.validateProducts is PASSED&#xD;
&#xD;
2019-07-15 17:17:04 - [TEST_STEP][PASSED] - swipe(0, 200, 0, 500): Swiped from 0,200 to 0,500&#xD;
&#xD;
2019-07-15 17:17:05 - [MESSAGE][PASSED] - Swiped from 0,200 to 0,500&#xD;
&#xD;
2019-07-15 17:17:05 - [TEST_STEP][PASSED] - swipe(0, 200, 0, 500): Swiped from 0,200 to 0,500&#xD;
&#xD;
2019-07-15 17:17:05 - [MESSAGE][PASSED] - Swiped from 0,200 to 0,500&#xD;
&#xD;
2019-07-15 17:17:05 - [TEST_STEP][PASSED] - qa.keywords.ExpiryIssue.visitExpiredProducts(CHANNEL_EXPIREDPRODUCT): qa.keywords.ExpiryIssue.visitExpiredProducts is PASSED&#xD;
&#xD;
2019-07-15 17:17:06 - [MESSAGE][WARNING] - Timeout '0' is invalid. Using default page load timeout: '6'&#xD;
&#xD;
2019-07-15 17:17:07 - [MESSAGE][PASSED] - Element 'Object Repository/ShopOpen/ExpiryIssue/ExpiredProduct/Validate_QuantityPopup' is exist&#xD;
&#xD;
2019-07-15 17:17:12 - [MESSAGE][PASSED] - Keyboard is hidden&#xD;
&#xD;
2019-07-15 17:17:12 - [MESSAGE][WARNING] - Timeout '0' is invalid. Using default page load timeout: '6'&#xD;
&#xD;
2019-07-15 17:17:13 - [MESSAGE][PASSED] - Tapped on element 'Object Repository/ShopOpen/ExpiryIssue/ExpiredProduct/QuantityPopupSubmitButton'&#xD;
&#xD;
2019-07-15 17:17:14 - [MESSAGE][PASSED] - Actual text and expected text of test object 'Object Repository/ShopOpen/ExpiryIssue/ExpiredProduct/Validate_ExpiredProductScreen' are matched.&#xD;
&#xD;
2019-07-15 17:17:14 - [MESSAGE][PASSED] - qa.keywords.ExpiryIssue.visitExpiredProducts is PASSED&#xD;
&#xD;
2019-07-15 17:17:14 - [TEST_STEP][PASSED] - tap(findTestObject("ShopOpen/ExpiryIssue/ExpiredProduct/ProceedButton", ["package":PACKAGENAME]), 0): Tapped on element 'Object Repository/ShopOpen/ExpiryIssue/ExpiredProduct/ProceedButton'&#xD;
&#xD;
2019-07-15 17:17:14 - [MESSAGE][WARNING] - Timeout '0' is invalid. Using default page load timeout: '6'&#xD;
&#xD;
2019-07-15 17:17:14 - [MESSAGE][PASSED] - Tapped on element 'Object Repository/ShopOpen/ExpiryIssue/ExpiredProduct/ProceedButton'&#xD;
&#xD;
2019-07-15 17:17:14 - [MESSAGE][PASSED] - Call Test Case 'Test Cases/ShopOpen/ExpiryIssue/ExpiredProduct/VisitProduct' successfully&#xD;
&#xD;
2019-07-15 17:17:16 - [MESSAGE][PASSED] - Actual text and expected text of test object 'Object Repository/ShopOpen/ExpiryIssue/Validate_ProductCategoryScreen' are matched.&#xD;
&#xD;
2019-07-15 17:17:16 - [MESSAGE][PASSED] - qa.keywords.ExpiryIssue.visitProductCategories is PASSED&#xD;
&#xD;
2019-07-15 17:17:16 - [TEST_STEP][PASSED] - pressBack(): Press back button successfully&#xD;
&#xD;
2019-07-15 17:17:16 - [MESSAGE][PASSED] - Press back button successfully&#xD;
&#xD;
2019-07-15 17:17:16 - [MESSAGE][PASSED] - Call Test Case 'Test Cases/ShopOpen/ExpiryIssue/VisitProductCategory' successfully&#xD;
&#xD;
2019-07-15 17:17:17 - [MESSAGE][PASSED] - Actual text and expected text of test object 'Object Repository/ShopOpen/ExpiryIssue/Validate_ExpiredCategoryScreen' are matched.&#xD;
&#xD;
2019-07-15 17:17:18 - [TEST_CASE][PASSED] - Test Cases/ShopOpen/ExpiryIssue/VisitProductCategory: Test Cases/ShopOpen/ExpiryIssue/VisitProductCategory&#xD;
&#xD;
2019-07-15 17:17:18 - [TEST_STEP][PASSED] - verifyElementText(findTestObject("ShopOpen/ExpiryIssue/Validate_ProductCategoryScreen", ["package":PACKAGENAME]), "Expire CATEGORY"): Actual text and expected text of test object 'Object Repository/ShopOpen/ExpiryIssue/Validate_ProductCategoryScreen' are matched.&#xD;
&#xD;
2019-07-15 17:17:20 - [MESSAGE][PASSED] - Actual text and expected text of test object 'Object Repository/ShopOpen/ExpiryIssue/Validate_ProductCategoryScreen' are matched.&#xD;
&#xD;
2019-07-15 17:17:20 - [TEST_STEP][PASSED] - qa.keywords.ExpiryIssue.validateProductCategory(): qa.keywords.ExpiryIssue.validateProductCategory is PASSED&#xD;
&#xD;
2019-07-15 17:17:33 - [MESSAGE][PASSED] - qa.keywords.ExpiryIssue.validateProductCategory is PASSED&#xD;
&#xD;
2019-07-15 17:17:33 - [TEST_STEP][PASSED] - swipe(0, 200, 0, 500): Swiped from 0,200 to 0,500&#xD;
&#xD;
2019-07-15 17:17:33 - [MESSAGE][PASSED] - Swiped from 0,200 to 0,500&#xD;
&#xD;
2019-07-15 17:17:33 - [TEST_STEP][PASSED] - swipe(0, 200, 0, 500): Swiped from 0,200 to 0,500&#xD;
&#xD;
2019-07-15 17:17:33 - [MESSAGE][PASSED] - Swiped from 0,200 to 0,500&#xD;
&#xD;
2019-07-15 17:17:33 - [TEST_STEP][PASSED] - qa.keywords.ExpiryIssue.visitProductCategories(): qa.keywords.ExpiryIssue.visitProductCategories is PASSED&#xD;
&#xD;
2019-07-15 17:17:36 - [TEST_CASE][PASSED] - Test Cases/ShopOpen/ExpiryIssue/ShortlyExpire/VisitProduct: Test Cases/ShopOpen/ExpiryIssue/ShortlyExpire/VisitProduct&#xD;
&#xD;
2019-07-15 17:17:36 - [TEST_STEP][PASSED] - verifyElementText(findTestObject("ShopOpen/ExpiryIssue/ShortlyExpire/Validate_ExpiredProductScreen", ["package":PACKAGENAME]), "Expire Product List"): Actual text and expected text of test object 'Object Repository/ShopOpen/ExpiryIssue/ShortlyExpire/Validate_ExpiredProductScreen' are matched.&#xD;
&#xD;
2019-07-15 17:17:37 - [MESSAGE][PASSED] - Actual text and expected text of test object 'Object Repository/ShopOpen/ExpiryIssue/ShortlyExpire/Validate_ExpiredProductScreen' are matched.&#xD;
&#xD;
2019-07-15 17:17:37 - [TEST_STEP][PASSED] - qa.keywords.ExpiryIssue.validateProducts(): qa.keywords.ExpiryIssue.validateProducts is PASSED&#xD;
&#xD;
2019-07-15 17:17:43 - [MESSAGE][PASSED] - qa.keywords.ExpiryIssue.validateProducts is PASSED&#xD;
&#xD;
2019-07-15 17:17:44 - [TEST_STEP][PASSED] - swipe(0, 200, 0, 500): Swiped from 0,200 to 0,500&#xD;
&#xD;
2019-07-15 17:17:44 - [MESSAGE][PASSED] - Swiped from 0,200 to 0,500&#xD;
&#xD;
2019-07-15 17:17:44 - [TEST_STEP][PASSED] - swipe(0, 200, 0, 500): Swiped from 0,200 to 0,500&#xD;
&#xD;
2019-07-15 17:17:44 - [MESSAGE][PASSED] - Swiped from 0,200 to 0,500&#xD;
&#xD;
2019-07-15 17:17:44 - [TEST_STEP][PASSED] - qa.keywords.ExpiryIssue.visitExpiredProducts(CHANNEL_SHORTLYEXPIREPRODUCT): qa.keywords.ExpiryIssue.visitExpiredProducts is PASSED&#xD;
&#xD;
2019-07-15 17:17:46 - [MESSAGE][WARNING] - Timeout '0' is invalid. Using default page load timeout: '6'&#xD;
&#xD;
2019-07-15 17:17:47 - [MESSAGE][PASSED] - Element 'Object Repository/ShopOpen/ExpiryIssue/ShortlyExpire/Validate_QuantityPopup' is exist&#xD;
&#xD;
2019-07-15 17:17:53 - [MESSAGE][PASSED] - Keyboard is hidden&#xD;
&#xD;
2019-07-15 17:17:53 - [MESSAGE][WARNING] - Timeout '0' is invalid. Using default page load timeout: '6'&#xD;
&#xD;
2019-07-15 17:17:54 - [MESSAGE][PASSED] - Element 'Object Repository/ShopOpen/ExpiryIssue/ShortlyExpire/Calendar_SelectButton' is exist&#xD;
&#xD;
2019-07-15 17:17:54 - [MESSAGE][WARNING] - Timeout '0' is invalid. Using default page load timeout: '6'&#xD;
&#xD;
2019-07-15 17:17:55 - [MESSAGE][PASSED] - Tapped on element 'Object Repository/ShopOpen/ExpiryIssue/ShortlyExpire/Calendar_SelectButton'&#xD;
&#xD;
2019-07-15 17:17:55 - [MESSAGE][WARNING] - Timeout '0' is invalid. Using default page load timeout: '6'&#xD;
&#xD;
2019-07-15 17:17:55 - [MESSAGE][PASSED] - Element 'Object Repository/ShopOpen/ExpiryIssue/ShortlyExpire/Validate_QuantityPopup' is exist&#xD;
&#xD;
2019-07-15 17:17:55 - [MESSAGE][WARNING] - Timeout '0' is invalid. Using default page load timeout: '6'&#xD;
&#xD;
2019-07-15 17:17:56 - [MESSAGE][PASSED] - Tapped on element 'Object Repository/ShopOpen/ExpiryIssue/ShortlyExpire/QuantityPopupSubmitButton'&#xD;
&#xD;
2019-07-15 17:17:57 - [MESSAGE][PASSED] - Actual text and expected text of test object 'Object Repository/ShopOpen/ExpiryIssue/ShortlyExpire/Validate_ExpiredProductScreen' are matched.&#xD;
&#xD;
2019-07-15 17:17:58 - [MESSAGE][WARNING] - Timeout '0' is invalid. Using default page load timeout: '6'&#xD;
&#xD;
2019-07-15 17:17:59 - [MESSAGE][PASSED] - Element 'Object Repository/ShopOpen/ExpiryIssue/ShortlyExpire/Validate_QuantityPopup' is exist&#xD;
&#xD;
2019-07-15 17:18:04 - [MESSAGE][PASSED] - Keyboard is hidden&#xD;
&#xD;
2019-07-15 17:18:05 - [MESSAGE][WARNING] - Timeout '0' is invalid. Using default page load timeout: '6'&#xD;
&#xD;
2019-07-15 17:18:06 - [MESSAGE][PASSED] - Element 'Object Repository/ShopOpen/ExpiryIssue/ShortlyExpire/Calendar_SelectButton' is exist&#xD;
&#xD;
2019-07-15 17:18:06 - [MESSAGE][WARNING] - Timeout '0' is invalid. Using default page load timeout: '6'&#xD;
&#xD;
2019-07-15 17:18:07 - [MESSAGE][PASSED] - Tapped on element 'Object Repository/ShopOpen/ExpiryIssue/ShortlyExpire/Calendar_SelectButton'&#xD;
&#xD;
2019-07-15 17:18:07 - [MESSAGE][WARNING] - Timeout '0' is invalid. Using default page load timeout: '6'&#xD;
&#xD;
2019-07-15 17:18:07 - [MESSAGE][PASSED] - Element 'Object Repository/ShopOpen/ExpiryIssue/ShortlyExpire/Validate_QuantityPopup' is exist&#xD;
&#xD;
2019-07-15 17:18:07 - [MESSAGE][WARNING] - Timeout '0' is invalid. Using default page load timeout: '6'&#xD;
&#xD;
2019-07-15 17:18:07 - [MESSAGE][PASSED] - Tapped on element 'Object Repository/ShopOpen/ExpiryIssue/ShortlyExpire/QuantityPopupSubmitButton'&#xD;
&#xD;
2019-07-15 17:18:09 - [MESSAGE][PASSED] - Actual text and expected text of test object 'Object Repository/ShopOpen/ExpiryIssue/ShortlyExpire/Validate_ExpiredProductScreen' are matched.&#xD;
&#xD;
2019-07-15 17:18:10 - [MESSAGE][WARNING] - Timeout '0' is invalid. Using default page load timeout: '6'&#xD;
&#xD;
2019-07-15 17:18:11 - [MESSAGE][PASSED] - Element 'Object Repository/ShopOpen/ExpiryIssue/ShortlyExpire/Validate_QuantityPopup' is exist&#xD;
&#xD;
2019-07-15 17:18:16 - [MESSAGE][PASSED] - Keyboard is hidden&#xD;
&#xD;
2019-07-15 17:18:17 - [MESSAGE][WARNING] - Timeout '0' is invalid. Using default page load timeout: '6'&#xD;
&#xD;
2019-07-15 17:18:18 - [MESSAGE][PASSED] - Element 'Object Repository/ShopOpen/ExpiryIssue/ShortlyExpire/Calendar_SelectButton' is exist&#xD;
&#xD;
2019-07-15 17:18:18 - [MESSAGE][WARNING] - Timeout '0' is invalid. Using default page load timeout: '6'&#xD;
&#xD;
2019-07-15 17:18:19 - [MESSAGE][PASSED] - Tapped on element 'Object Repository/ShopOpen/ExpiryIssue/ShortlyExpire/Calendar_SelectButton'&#xD;
&#xD;
2019-07-15 17:18:19 - [MESSAGE][WARNING] - Timeout '0' is invalid. Using default page load timeout: '6'&#xD;
&#xD;
2019-07-15 17:18:19 - [MESSAGE][PASSED] - Element 'Object Repository/ShopOpen/ExpiryIssue/ShortlyExpire/Validate_QuantityPopup' is exist&#xD;
&#xD;
2019-07-15 17:18:19 - [MESSAGE][WARNING] - Timeout '0' is invalid. Using default page load timeout: '6'&#xD;
&#xD;
2019-07-15 17:18:20 - [MESSAGE][PASSED] - Tapped on element 'Object Repository/ShopOpen/ExpiryIssue/ShortlyExpire/QuantityPopupSubmitButton'&#xD;
&#xD;
2019-07-15 17:18:21 - [MESSAGE][PASSED] - Actual text and expected text of test object 'Object Repository/ShopOpen/ExpiryIssue/ShortlyExpire/Validate_ExpiredProductScreen' are matched.&#xD;
&#xD;
2019-07-15 17:18:22 - [MESSAGE][WARNING] - Timeout '0' is invalid. Using default page load timeout: '6'&#xD;
&#xD;
2019-07-15 17:18:23 - [MESSAGE][PASSED] - Element 'Object Repository/ShopOpen/ExpiryIssue/ShortlyExpire/Validate_QuantityPopup' is exist&#xD;
&#xD;
2019-07-15 17:18:28 - [MESSAGE][PASSED] - Keyboard is hidden&#xD;
&#xD;
2019-07-15 17:18:29 - [MESSAGE][WARNING] - Timeout '0' is invalid. Using default page load timeout: '6'&#xD;
&#xD;
2019-07-15 17:18:30 - [MESSAGE][PASSED] - Element 'Object Repository/ShopOpen/ExpiryIssue/ShortlyExpire/Calendar_SelectButton' is exist&#xD;
&#xD;
2019-07-15 17:18:30 - [MESSAGE][WARNING] - Timeout '0' is invalid. Using default page load timeout: '6'&#xD;
&#xD;
2019-07-15 17:18:30 - [MESSAGE][PASSED] - Tapped on element 'Object Repository/ShopOpen/ExpiryIssue/ShortlyExpire/Calendar_SelectButton'&#xD;
&#xD;
2019-07-15 17:18:30 - [MESSAGE][WARNING] - Timeout '0' is invalid. Using default page load timeout: '6'&#xD;
&#xD;
2019-07-15 17:18:31 - [MESSAGE][PASSED] - Element 'Object Repository/ShopOpen/ExpiryIssue/ShortlyExpire/Validate_QuantityPopup' is exist&#xD;
&#xD;
2019-07-15 17:18:31 - [MESSAGE][WARNING] - Timeout '0' is invalid. Using default page load timeout: '6'&#xD;
&#xD;
2019-07-15 17:18:32 - [MESSAGE][PASSED] - Tapped on element 'Object Repository/ShopOpen/ExpiryIssue/ShortlyExpire/QuantityPopupSubmitButton'&#xD;
&#xD;
2019-07-15 17:18:32 - [MESSAGE][PASSED] - Actual text and expected text of test object 'Object Repository/ShopOpen/ExpiryIssue/ShortlyExpire/Validate_ExpiredProductScreen' are matched.&#xD;
&#xD;
2019-07-15 17:18:33 - [MESSAGE][WARNING] - Timeout '0' is invalid. Using default page load timeout: '6'&#xD;
&#xD;
2019-07-15 17:18:34 - [MESSAGE][PASSED] - Element 'Object Repository/ShopOpen/ExpiryIssue/ShortlyExpire/Validate_QuantityPopup' is exist&#xD;
&#xD;
2019-07-15 17:18:40 - [MESSAGE][PASSED] - Keyboard is hidden&#xD;
&#xD;
2019-07-15 17:18:40 - [MESSAGE][WARNING] - Timeout '0' is invalid. Using default page load timeout: '6'&#xD;
&#xD;
2019-07-15 17:18:42 - [MESSAGE][PASSED] - Element 'Object Repository/ShopOpen/ExpiryIssue/ShortlyExpire/Calendar_SelectButton' is exist&#xD;
&#xD;
2019-07-15 17:18:42 - [MESSAGE][WARNING] - Timeout '0' is invalid. Using default page load timeout: '6'&#xD;
&#xD;
2019-07-15 17:18:42 - [MESSAGE][PASSED] - Tapped on element 'Object Repository/ShopOpen/ExpiryIssue/ShortlyExpire/Calendar_SelectButton'&#xD;
&#xD;
2019-07-15 17:18:42 - [MESSAGE][WARNING] - Timeout '0' is invalid. Using default page load timeout: '6'&#xD;
&#xD;
2019-07-15 17:18:43 - [MESSAGE][PASSED] - Element 'Object Repository/ShopOpen/ExpiryIssue/ShortlyExpire/Validate_QuantityPopup' is exist&#xD;
&#xD;
2019-07-15 17:18:43 - [MESSAGE][WARNING] - Timeout '0' is invalid. Using default page load timeout: '6'&#xD;
&#xD;
2019-07-15 17:18:43 - [MESSAGE][PASSED] - Tapped on element 'Object Repository/ShopOpen/ExpiryIssue/ShortlyExpire/QuantityPopupSubmitButton'&#xD;
&#xD;
2019-07-15 17:18:44 - [MESSAGE][PASSED] - Actual text and expected text of test object 'Object Repository/ShopOpen/ExpiryIssue/ShortlyExpire/Validate_ExpiredProductScreen' are matched.&#xD;
&#xD;
2019-07-15 17:18:45 - [MESSAGE][WARNING] - Timeout '0' is invalid. Using default page load timeout: '6'&#xD;
&#xD;
2019-07-15 17:18:46 - [MESSAGE][PASSED] - Element 'Object Repository/ShopOpen/ExpiryIssue/ShortlyExpire/Validate_QuantityPopup' is exist&#xD;
&#xD;
2019-07-15 17:18:52 - [MESSAGE][PASSED] - Keyboard is hidden&#xD;
&#xD;
2019-07-15 17:18:52 - [MESSAGE][WARNING] - Timeout '0' is invalid. Using default page load timeout: '6'&#xD;
&#xD;
2019-07-15 17:18:53 - [MESSAGE][PASSED] - Element 'Object Repository/ShopOpen/ExpiryIssue/ShortlyExpire/Calendar_SelectButton' is exist&#xD;
&#xD;
2019-07-15 17:18:53 - [MESSAGE][WARNING] - Timeout '0' is invalid. Using default page load timeout: '6'&#xD;
&#xD;
2019-07-15 17:18:54 - [MESSAGE][PASSED] - Tapped on element 'Object Repository/ShopOpen/ExpiryIssue/ShortlyExpire/Calendar_SelectButton'&#xD;
&#xD;
2019-07-15 17:18:54 - [MESSAGE][WARNING] - Timeout '0' is invalid. Using default page load timeout: '6'&#xD;
&#xD;
2019-07-15 17:18:55 - [MESSAGE][PASSED] - Element 'Object Repository/ShopOpen/ExpiryIssue/ShortlyExpire/Validate_QuantityPopup' is exist&#xD;
&#xD;
2019-07-15 17:18:55 - [MESSAGE][WARNING] - Timeout '0' is invalid. Using default page load timeout: '6'&#xD;
&#xD;
2019-07-15 17:18:55 - [MESSAGE][PASSED] - Tapped on element 'Object Repository/ShopOpen/ExpiryIssue/ShortlyExpire/QuantityPopupSubmitButton'&#xD;
&#xD;
2019-07-15 17:18:56 - [MESSAGE][PASSED] - Actual text and expected text of test object 'Object Repository/ShopOpen/ExpiryIssue/ShortlyExpire/Validate_ExpiredProductScreen' are matched.&#xD;
&#xD;
2019-07-15 17:18:57 - [MESSAGE][WARNING] - Timeout '0' is invalid. Using default page load timeout: '6'&#xD;
&#xD;
2019-07-15 17:18:58 - [MESSAGE][PASSED] - Element 'Object Repository/ShopOpen/ExpiryIssue/ShortlyExpire/Validate_QuantityPopup' is exist&#xD;
&#xD;
2019-07-15 17:19:04 - [MESSAGE][PASSED] - Keyboard is hidden&#xD;
&#xD;
2019-07-15 17:19:04 - [MESSAGE][WARNING] - Timeout '0' is invalid. Using default page load timeout: '6'&#xD;
&#xD;
2019-07-15 17:19:06 - [MESSAGE][PASSED] - Element 'Object Repository/ShopOpen/ExpiryIssue/ShortlyExpire/Calendar_SelectButton' is exist&#xD;
&#xD;
2019-07-15 17:19:06 - [MESSAGE][WARNING] - Timeout '0' is invalid. Using default page load timeout: '6'&#xD;
&#xD;
2019-07-15 17:19:06 - [MESSAGE][PASSED] - Tapped on element 'Object Repository/ShopOpen/ExpiryIssue/ShortlyExpire/Calendar_SelectButton'&#xD;
&#xD;
2019-07-15 17:19:06 - [MESSAGE][WARNING] - Timeout '0' is invalid. Using default page load timeout: '6'&#xD;
&#xD;
2019-07-15 17:19:06 - [MESSAGE][PASSED] - Element 'Object Repository/ShopOpen/ExpiryIssue/ShortlyExpire/Validate_QuantityPopup' is exist&#xD;
&#xD;
2019-07-15 17:19:06 - [MESSAGE][WARNING] - Timeout '0' is invalid. Using default page load timeout: '6'&#xD;
&#xD;
2019-07-15 17:19:07 - [MESSAGE][PASSED] - Tapped on element 'Object Repository/ShopOpen/ExpiryIssue/ShortlyExpire/QuantityPopupSubmitButton'&#xD;
&#xD;
2019-07-15 17:19:08 - [MESSAGE][PASSED] - Actual text and expected text of test object 'Object Repository/ShopOpen/ExpiryIssue/ShortlyExpire/Validate_ExpiredProductScreen' are matched.&#xD;
&#xD;
2019-07-15 17:19:09 - [MESSAGE][WARNING] - Timeout '0' is invalid. Using default page load timeout: '6'&#xD;
&#xD;
2019-07-15 17:19:10 - [MESSAGE][PASSED] - Element 'Object Repository/ShopOpen/ExpiryIssue/ShortlyExpire/Validate_QuantityPopup' is exist&#xD;
&#xD;
2019-07-15 17:19:16 - [MESSAGE][PASSED] - Keyboard is hidden&#xD;
&#xD;
2019-07-15 17:19:16 - [MESSAGE][WARNING] - Timeout '0' is invalid. Using default page load timeout: '6'&#xD;
&#xD;
2019-07-15 17:19:17 - [MESSAGE][PASSED] - Element 'Object Repository/ShopOpen/ExpiryIssue/ShortlyExpire/Calendar_SelectButton' is exist&#xD;
&#xD;
2019-07-15 17:19:17 - [MESSAGE][WARNING] - Timeout '0' is invalid. Using default page load timeout: '6'&#xD;
&#xD;
2019-07-15 17:19:18 - [MESSAGE][PASSED] - Tapped on element 'Object Repository/ShopOpen/ExpiryIssue/ShortlyExpire/Calendar_SelectButton'&#xD;
&#xD;
2019-07-15 17:19:18 - [MESSAGE][WARNING] - Timeout '0' is invalid. Using default page load timeout: '6'&#xD;
&#xD;
2019-07-15 17:19:18 - [MESSAGE][PASSED] - Element 'Object Repository/ShopOpen/ExpiryIssue/ShortlyExpire/Validate_QuantityPopup' is exist&#xD;
&#xD;
2019-07-15 17:19:18 - [MESSAGE][WARNING] - Timeout '0' is invalid. Using default page load timeout: '6'&#xD;
&#xD;
2019-07-15 17:19:19 - [MESSAGE][PASSED] - Tapped on element 'Object Repository/ShopOpen/ExpiryIssue/ShortlyExpire/QuantityPopupSubmitButton'&#xD;
&#xD;
2019-07-15 17:19:20 - [MESSAGE][PASSED] - Actual text and expected text of test object 'Object Repository/ShopOpen/ExpiryIssue/ShortlyExpire/Validate_ExpiredProductScreen' are matched.&#xD;
&#xD;
2019-07-15 17:19:20 - [MESSAGE][PASSED] - qa.keywords.ExpiryIssue.visitExpiredProducts is PASSED&#xD;
&#xD;
2019-07-15 17:19:20 - [TEST_STEP][PASSED] - tap(findTestObject("ShopOpen/ExpiryIssue/ExpiredProduct/ProceedButton", ["package":PACKAGENAME]), 0): Tapped on element 'Object Repository/ShopOpen/ExpiryIssue/ExpiredProduct/ProceedButton'&#xD;
&#xD;
2019-07-15 17:19:20 - [MESSAGE][WARNING] - Timeout '0' is invalid. Using default page load timeout: '6'&#xD;
&#xD;
2019-07-15 17:19:21 - [MESSAGE][PASSED] - Tapped on element 'Object Repository/ShopOpen/ExpiryIssue/ExpiredProduct/ProceedButton'&#xD;
&#xD;
2019-07-15 17:19:21 - [MESSAGE][PASSED] - Call Test Case 'Test Cases/ShopOpen/ExpiryIssue/ShortlyExpire/VisitProduct' successfully&#xD;
&#xD;
2019-07-15 17:19:22 - [MESSAGE][PASSED] - Actual text and expected text of test object 'Object Repository/ShopOpen/ExpiryIssue/Validate_ProductCategoryScreen' are matched.&#xD;
&#xD;
2019-07-15 17:19:23 - [TEST_CASE][PASSED] - Test Cases/ShopOpen/ExpiryIssue/ShortlyExpire/VisitProduct: Test Cases/ShopOpen/ExpiryIssue/ShortlyExpire/VisitProduct&#xD;
&#xD;
2019-07-15 17:19:23 - [TEST_STEP][PASSED] - verifyElementText(findTestObject("ShopOpen/ExpiryIssue/ShortlyExpire/Validate_ExpiredProductScreen", ["package":PACKAGENAME]), "Expire Product List"): Actual text and expected text of test object 'Object Repository/ShopOpen/ExpiryIssue/ShortlyExpire/Validate_ExpiredProductScreen' are matched.&#xD;
&#xD;
2019-07-15 17:19:24 - [MESSAGE][PASSED] - Actual text and expected text of test object 'Object Repository/ShopOpen/ExpiryIssue/ShortlyExpire/Validate_ExpiredProductScreen' are matched.&#xD;
&#xD;
2019-07-15 17:19:24 - [TEST_STEP][PASSED] - qa.keywords.ExpiryIssue.validateProducts(): qa.keywords.ExpiryIssue.validateProducts is PASSED&#xD;
&#xD;
2019-07-15 17:19:28 - [MESSAGE][PASSED] - qa.keywords.ExpiryIssue.validateProducts is PASSED&#xD;
&#xD;
2019-07-15 17:19:28 - [TEST_STEP][PASSED] - swipe(0, 200, 0, 500): Swiped from 0,200 to 0,500&#xD;
&#xD;
2019-07-15 17:19:29 - [MESSAGE][PASSED] - Swiped from 0,200 to 0,500&#xD;
&#xD;
2019-07-15 17:19:29 - [TEST_STEP][PASSED] - swipe(0, 200, 0, 500): Swiped from 0,200 to 0,500&#xD;
&#xD;
2019-07-15 17:19:29 - [MESSAGE][PASSED] - Swiped from 0,200 to 0,500&#xD;
&#xD;
2019-07-15 17:19:29 - [TEST_STEP][PASSED] - qa.keywords.ExpiryIssue.visitExpiredProducts(CHANNEL_SHORTLYEXPIREPRODUCT): qa.keywords.ExpiryIssue.visitExpiredProducts is PASSED&#xD;
&#xD;
2019-07-15 17:19:30 - [MESSAGE][WARNING] - Timeout '0' is invalid. Using default page load timeout: '6'&#xD;
&#xD;
2019-07-15 17:19:31 - [MESSAGE][PASSED] - Element 'Object Repository/ShopOpen/ExpiryIssue/ShortlyExpire/Validate_QuantityPopup' is exist&#xD;
&#xD;
2019-07-15 17:19:36 - [MESSAGE][PASSED] - Keyboard is hidden&#xD;
&#xD;
2019-07-15 17:19:37 - [MESSAGE][WARNING] - Timeout '0' is invalid. Using default page load timeout: '6'&#xD;
&#xD;
2019-07-15 17:19:38 - [MESSAGE][PASSED] - Element 'Object Repository/ShopOpen/ExpiryIssue/ShortlyExpire/Calendar_SelectButton' is exist&#xD;
&#xD;
2019-07-15 17:19:38 - [MESSAGE][WARNING] - Timeout '0' is invalid. Using default page load timeout: '6'&#xD;
&#xD;
2019-07-15 17:19:39 - [MESSAGE][PASSED] - Tapped on element 'Object Repository/ShopOpen/ExpiryIssue/ShortlyExpire/Calendar_SelectButton'&#xD;
&#xD;
2019-07-15 17:19:39 - [MESSAGE][WARNING] - Timeout '0' is invalid. Using default page load timeout: '6'&#xD;
&#xD;
2019-07-15 17:19:39 - [MESSAGE][PASSED] - Element 'Object Repository/ShopOpen/ExpiryIssue/ShortlyExpire/Validate_QuantityPopup' is exist&#xD;
&#xD;
2019-07-15 17:19:39 - [MESSAGE][WARNING] - Timeout '0' is invalid. Using default page load timeout: '6'&#xD;
&#xD;
2019-07-15 17:19:40 - [MESSAGE][PASSED] - Tapped on element 'Object Repository/ShopOpen/ExpiryIssue/ShortlyExpire/QuantityPopupSubmitButton'&#xD;
&#xD;
2019-07-15 17:19:40 - [MESSAGE][PASSED] - Actual text and expected text of test object 'Object Repository/ShopOpen/ExpiryIssue/ShortlyExpire/Validate_ExpiredProductScreen' are matched.&#xD;
&#xD;
2019-07-15 17:19:41 - [MESSAGE][WARNING] - Timeout '0' is invalid. Using default page load timeout: '6'&#xD;
&#xD;
2019-07-15 17:19:42 - [MESSAGE][PASSED] - Element 'Object Repository/ShopOpen/ExpiryIssue/ShortlyExpire/Validate_QuantityPopup' is exist&#xD;
&#xD;
2019-07-15 17:19:48 - [MESSAGE][PASSED] - Keyboard is hidden&#xD;
&#xD;
2019-07-15 17:19:48 - [MESSAGE][WARNING] - Timeout '0' is invalid. Using default page load timeout: '6'&#xD;
&#xD;
2019-07-15 17:19:49 - [MESSAGE][PASSED] - Element 'Object Repository/ShopOpen/ExpiryIssue/ShortlyExpire/Calendar_SelectButton' is exist&#xD;
&#xD;
2019-07-15 17:19:49 - [MESSAGE][WARNING] - Timeout '0' is invalid. Using default page load timeout: '6'&#xD;
&#xD;
2019-07-15 17:19:50 - [MESSAGE][PASSED] - Tapped on element 'Object Repository/ShopOpen/ExpiryIssue/ShortlyExpire/Calendar_SelectButton'&#xD;
&#xD;
2019-07-15 17:19:50 - [MESSAGE][WARNING] - Timeout '0' is invalid. Using default page load timeout: '6'&#xD;
&#xD;
2019-07-15 17:19:50 - [MESSAGE][PASSED] - Element 'Object Repository/ShopOpen/ExpiryIssue/ShortlyExpire/Validate_QuantityPopup' is exist&#xD;
&#xD;
2019-07-15 17:19:50 - [MESSAGE][WARNING] - Timeout '0' is invalid. Using default page load timeout: '6'&#xD;
&#xD;
2019-07-15 17:19:51 - [MESSAGE][PASSED] - Tapped on element 'Object Repository/ShopOpen/ExpiryIssue/ShortlyExpire/QuantityPopupSubmitButton'&#xD;
&#xD;
2019-07-15 17:19:52 - [MESSAGE][PASSED] - Actual text and expected text of test object 'Object Repository/ShopOpen/ExpiryIssue/ShortlyExpire/Validate_ExpiredProductScreen' are matched.&#xD;
&#xD;
2019-07-15 17:19:52 - [MESSAGE][PASSED] - qa.keywords.ExpiryIssue.visitExpiredProducts is PASSED&#xD;
&#xD;
2019-07-15 17:19:52 - [TEST_STEP][PASSED] - tap(findTestObject("ShopOpen/ExpiryIssue/ExpiredProduct/ProceedButton", ["package":PACKAGENAME]), 0): Tapped on element 'Object Repository/ShopOpen/ExpiryIssue/ExpiredProduct/ProceedButton'&#xD;
&#xD;
2019-07-15 17:19:52 - [MESSAGE][WARNING] - Timeout '0' is invalid. Using default page load timeout: '6'&#xD;
&#xD;
2019-07-15 17:19:53 - [MESSAGE][PASSED] - Tapped on element 'Object Repository/ShopOpen/ExpiryIssue/ExpiredProduct/ProceedButton'&#xD;
&#xD;
2019-07-15 17:19:53 - [MESSAGE][PASSED] - Call Test Case 'Test Cases/ShopOpen/ExpiryIssue/ShortlyExpire/VisitProduct' successfully&#xD;
&#xD;
2019-07-15 17:19:54 - [MESSAGE][PASSED] - Actual text and expected text of test object 'Object Repository/ShopOpen/ExpiryIssue/Validate_ProductCategoryScreen' are matched.&#xD;
&#xD;
2019-07-15 17:19:54 - [MESSAGE][PASSED] - qa.keywords.ExpiryIssue.visitProductCategories is PASSED&#xD;
&#xD;
2019-07-15 17:19:54 - [TEST_STEP][PASSED] - pressBack(): Press back button successfully&#xD;
&#xD;
2019-07-15 17:19:55 - [MESSAGE][PASSED] - Press back button successfully&#xD;
&#xD;
2019-07-15 17:19:55 - [MESSAGE][PASSED] - Call Test Case 'Test Cases/ShopOpen/ExpiryIssue/VisitProductCategory' successfully&#xD;
&#xD;
2019-07-15 17:19:55 - [MESSAGE][PASSED] - Actual text and expected text of test object 'Object Repository/ShopOpen/ExpiryIssue/Validate_ExpiredCategoryScreen' are matched.&#xD;
&#xD;
2019-07-15 17:19:55 - [MESSAGE][PASSED] - qa.keywords.ExpiryIssue.visitExpiryIssueRemark is PASSED&#xD;
&#xD;
2019-07-15 17:19:55 - [TEST_STEP][PASSED] - tap(findTestObject("ShopOpen/ExpiryIssue/MainPictureButton", ["package":PACKAGENAME]), 0): Tapped on element 'Object Repository/ShopOpen/ExpiryIssue/MainPictureButton'&#xD;
&#xD;
2019-07-15 17:19:55 - [MESSAGE][WARNING] - Timeout '0' is invalid. Using default page load timeout: '6'&#xD;
&#xD;
2019-07-15 17:19:57 - [MESSAGE][PASSED] - Tapped on element 'Object Repository/ShopOpen/ExpiryIssue/MainPictureButton'&#xD;
&#xD;
2019-07-15 17:19:57 - [TEST_STEP][PASSED] - qa.keywords.CommonKeywords.takePicture(): qa.keywords.CommonKeywords.takePicture is PASSED&#xD;
&#xD;
2019-07-15 17:19:57 - [MESSAGE][WARNING] - Timeout '0' is invalid. Using default page load timeout: '6'&#xD;
&#xD;
2019-07-15 17:19:58 - [MESSAGE][PASSED] - Element 'Object Repository/CommonScreenElements/Validate_CameraScreen' is exist&#xD;
&#xD;
2019-07-15 17:19:58 - [MESSAGE][WARNING] - Timeout '0' is invalid. Using default page load timeout: '6'&#xD;
&#xD;
2019-07-15 17:20:01 - [MESSAGE][PASSED] - Tapped on element 'Object Repository/CommonScreenElements/Camera_TakePictureButton'&#xD;
&#xD;
2019-07-15 17:20:06 - [MESSAGE][PASSED] - Delayed 5 second(s)&#xD;
&#xD;
2019-07-15 17:20:06 - [MESSAGE][WARNING] - Timeout '0' is invalid. Using default page load timeout: '6'&#xD;
&#xD;
2019-07-15 17:20:07 - [MESSAGE][PASSED] - Tapped on element 'Object Repository/CommonScreenElements/Camera_DoneButton'&#xD;
&#xD;
2019-07-15 17:20:07 - [MESSAGE][PASSED] - qa.keywords.CommonKeywords.takePicture is PASSED&#xD;
&#xD;
2019-07-15 17:20:07 - [TEST_STEP][PASSED] - verifyElementText(findTestObject("ShopOpen/ExpiryIssue/Validate_ExpiredCategoryScreen", ["package":PACKAGENAME]), "Expire Category"): Actual text and expected text of test object 'Object Repository/ShopOpen/ExpiryIssue/Validate_ExpiredCategoryScreen' are matched.&#xD;
&#xD;
2019-07-15 17:20:09 - [MESSAGE][PASSED] - Actual text and expected text of test object 'Object Repository/ShopOpen/ExpiryIssue/Validate_ExpiredCategoryScreen' are matched.&#xD;
&#xD;
2019-07-15 17:20:09 - [TEST_STEP][PASSED] - pressBack(): Press back button successfully&#xD;
&#xD;
2019-07-15 17:20:10 - [MESSAGE][PASSED] - Press back button successfully&#xD;
&#xD;
2019-07-15 17:20:10 - [TEST_STEP][PASSED] - verifyElementExist(findTestObject("ShopOpen/Validate_ShopCategoriesListScreen", ["package":PACKAGENAME]), 0): Element 'Object Repository/ShopOpen/Validate_ShopCategoriesListScreen' is exist&#xD;
&#xD;
2019-07-15 17:20:10 - [MESSAGE][WARNING] - Timeout '0' is invalid. Using default page load timeout: '6'&#xD;
&#xD;
2019-07-15 17:20:11 - [MESSAGE][PASSED] - Element 'Object Repository/ShopOpen/Validate_ShopCategoriesListScreen' is exist&#xD;
&#xD;
2019-07-15 17:20:11 - [MESSAGE][PASSED] - Call Test Case 'Test Cases/ShopOpen/ExpiryIssue/VisitExpiryIssue' successfully&#xD;
&#xD;
2019-07-15 17:20:29 - [MESSAGE][PASSED] - qa.keywords.CategoryVisitingScenariosKeywords.visitShopCategoriesWithDataVerification is PASSED&#xD;
&#xD;
2019-07-15 17:20:29 - [MESSAGE][PASSED] - Call Test Case 'Test Cases/ShopOpen/VisitCategoryScenarios/VisitShopCategoriesWithDataVerification' successfully&#xD;
&#xD;
2019-07-15 17:20:29 - [TEST_CASE][PASSED] - Test Cases/ShopOpen/SaveShop: Test Cases/ShopOpen/SaveShop&#xD;
&#xD;
2019-07-15 17:20:29 - [TEST_STEP][PASSED] - tap(findTestObject("ShopOpen/SubmitButtonToSaveShop", ["package":PACKAGENAME]), 0): Tapped on element 'Object Repository/ShopOpen/SubmitButtonToSaveShop'&#xD;
&#xD;
2019-07-15 17:20:29 - [MESSAGE][WARNING] - Timeout '0' is invalid. Using default page load timeout: '6'&#xD;
&#xD;
2019-07-15 17:20:30 - [MESSAGE][PASSED] - Tapped on element 'Object Repository/ShopOpen/SubmitButtonToSaveShop'&#xD;
&#xD;
2019-07-15 17:20:30 - [TEST_STEP][PASSED] - verifyElementExist(findTestObject("CommonScreenElements/Validate_InfoPopUP", ["package":PACKAGENAME]), 0): Element 'Object Repository/CommonScreenElements/Validate_InfoPopUP' is exist&#xD;
&#xD;
2019-07-15 17:20:30 - [MESSAGE][WARNING] - Timeout '0' is invalid. Using default page load timeout: '6'&#xD;
&#xD;
2019-07-15 17:20:31 - [MESSAGE][PASSED] - Element 'Object Repository/CommonScreenElements/Validate_InfoPopUP' is exist&#xD;
&#xD;
2019-07-15 17:20:31 - [TEST_STEP][PASSED] - tap(findTestObject("CommonScreenElements/InfoPopUp_YesButton", ["package":PACKAGENAME]), 0): Tapped on element 'Object Repository/CommonScreenElements/InfoPopUp_YesButton'&#xD;
&#xD;
2019-07-15 17:20:31 - [MESSAGE][WARNING] - Timeout '0' is invalid. Using default page load timeout: '6'&#xD;
&#xD;
2019-07-15 17:20:32 - [MESSAGE][PASSED] - Tapped on element 'Object Repository/CommonScreenElements/InfoPopUp_YesButton'&#xD;
&#xD;
2019-07-15 17:20:32 - [TEST_STEP][PASSED] - verifyElementText(findTestObject("Validate_ShopListScreen", ["package":PACKAGENAME]), "Shops on Route"): Actual text and expected text of test object 'Object Repository/Validate_ShopListScreen' are matched.&#xD;
&#xD;
2019-07-15 17:20:32 - [MESSAGE][PASSED] - Actual text and expected text of test object 'Object Repository/Validate_ShopListScreen' are matched.&#xD;
&#xD;
2019-07-15 17:20:32 - [MESSAGE][PASSED] - Call Test Case 'Test Cases/ShopOpen/SaveShop' successfully&#xD;
&#xD;
2019-07-15 17:20:32 - [MESSAGE][WARNING] - Timeout '0' is invalid. Using default page load timeout: '6'&#xD;
&#xD;
2019-07-15 17:20:33 - [MESSAGE][PASSED] - Element 'Object Repository/Validate_ShopListScreen' is exist&#xD;
&#xD;
2019-07-15 17:20:33 - [MESSAGE][ERROR] - Cannot invoke method size() on null object</system-out>
            <system-err>2019-07-15 17:13:55 - [TEST_CASE][ERROR] - Test Cases/MerchandisingShopScenarios/VisitShopsWithDataVerification: Test Cases/MerchandisingShopScenarios/VisitShopsWithDataVerification FAILED.
Reason:
java.lang.NullPointerException: Cannot invoke method size() on null object&#xD;
	at java_util_List$size$0.call(Unknown Source)&#xD;
	at qa.keywords.DisplayReportKeywords.displayDataInReport(DisplayReportKeywords.groovy:190)&#xD;
	at qa.keywords.DisplayReportKeywords$displayDataInReport.call(Unknown Source)&#xD;
	at qa.keywords.ShopVisitingScenariosKeywords.visitShopWith_DataVerification(ShopVisitingScenariosKeywords.groovy:387)&#xD;
	at qa.keywords.ShopVisitingScenariosKeywords.invokeMethod(ShopVisitingScenariosKeywords.groovy)&#xD;
	at com.kms.katalon.core.main.CustomKeywordDelegatingMetaClass.invokeStaticMethod(CustomKeywordDelegatingMetaClass.java:50)&#xD;
	at VisitShopsWithDataVerification.run(VisitShopsWithDataVerification:39)&#xD;
	at com.kms.katalon.core.main.ScriptEngine.run(ScriptEngine.java:194)&#xD;
	at com.kms.katalon.core.main.ScriptEngine.runScriptAsRawText(ScriptEngine.java:119)&#xD;
	at com.kms.katalon.core.main.TestCaseExecutor.runScript(TestCaseExecutor.java:337)&#xD;
	at com.kms.katalon.core.main.TestCaseExecutor.doExecute(TestCaseExecutor.java:328)&#xD;
	at com.kms.katalon.core.main.TestCaseExecutor.processExecutionPhase(TestCaseExecutor.java:307)&#xD;
	at com.kms.katalon.core.main.TestCaseExecutor.accessMainPhase(TestCaseExecutor.java:299)&#xD;
	at com.kms.katalon.core.main.TestCaseExecutor.execute(TestCaseExecutor.java:233)&#xD;
	at com.kms.katalon.core.main.TestSuiteExecutor.accessTestCaseMainPhase(TestSuiteExecutor.java:133)&#xD;
	at com.kms.katalon.core.main.TestSuiteExecutor.accessTestSuiteMainPhase(TestSuiteExecutor.java:116)&#xD;
	at com.kms.katalon.core.main.TestSuiteExecutor.execute(TestSuiteExecutor.java:83)&#xD;
	at com.kms.katalon.core.main.TestCaseMain.startTestSuite(TestCaseMain.java:157)&#xD;
	at com.kms.katalon.core.main.TestCaseMain$startTestSuite$0.call(Unknown Source)&#xD;
	at TempTestSuite1563192806740.run(TempTestSuite1563192806740.groovy:35)</system-err>
        </testcase>
        <system-out>2019-07-15 17:13:30 - [TEST_SUITE][INCOMPLETE] - MMA Plus Merchandising With Data Verification: null</system-out>
        <system-err>2019-07-15 17:13:30 - [TEST_SUITE][INCOMPLETE] - MMA Plus Merchandising With Data Verification: null</system-err>
    </testsuite>
</testsuites>
